#
# A fatal error has been detected by the Java Runtime Environment:
#
#  EXCEPTION_ACCESS_VIOLATION (0xc0000005) at pc=0x0000028cd0a16006, pid=19596, tid=25820
#
# JRE version: OpenJDK Runtime Environment Temurin-17.0.9+9 (17.0.9+9) (build 17.0.9+9)
# Java VM: OpenJDK 64-Bit Server VM Temurin-17.0.9+9 (17.0.9+9, mixed mode, emulated-client, tiered, compressed oops, compressed class ptrs, g1 gc, windows-amd64)
# Problematic frame:
# J 6645 c1 java.math.BigDecimal.getValueString(ILjava/lang/String;I)Ljava/lang/String; java.base@17.0.9 (160 bytes) @ 0x0000028cd0a16006 [0x0000028cd0a15c80+0x0000000000000386]
#
# No core dump will be written. Minidumps are not enabled by default on client versions of Windows
#
# If you would like to submit a bug report, please visit:
#   https://github.com/adoptium/adoptium-support/issues
#

---------------  S U M M A R Y ------------

Command Line: -XX:+HeapDumpOnOutOfMemoryError -Xmx1024m -Dsts.lsp.client=vscode -Dsts.log.file=/dev/null -XX:TieredStopAtLevel=1 -Xlog:jni+resolve=off -Dspring.config.location=file:c:\Users\Admin\.vscode\extensions\vmware.vscode-spring-boot-1.51.0\language-server\BOOT-INF\classes\application.properties org.springframework.ide.vscode.boot.app.BootLanguageServerBootApp

Host: AMD Ryzen 7 4800H with Radeon Graphics         , 16 cores, 15G,  Windows 11 , 64 bit Build 22621 (10.0.22621.2506)
Time: Tue Jan 16 16:58:23 2024 India Standard Time elapsed time: 8371.528130 seconds (0d 2h 19m 31s)

---------------  T H R E A D  ---------------

Current thread (0x0000028cddc6f3d0):  JavaThread "pool-4-thread-19" [_thread_in_Java, id=25820, stack(0x000000d579f00000,0x000000d57a000000)]

Stack: [0x000000d579f00000,0x000000d57a000000],  sp=0x000000d579ffe320,  free space=1016k
Native frames: (J=compiled Java code, j=interpreted, Vv=VM code, C=native code)
C  0x0000028cd0a16006

The last pc belongs to nmethod (printed below).

siginfo: EXCEPTION_ACCESS_VIOLATION (0xc0000005), writing address 0xffffffffffffffba


Registers:
RAX=0x00000000cd53b870, RBX=0x00000000cd53b888, RCX=0x0000000000000002, RDX=0x00000000cd53b870
RSP=0x000000d579ffe320, RBP=0x000000d579fff330, RSI=0x0000000000000000, RDI=0x0000000000000000
R8 =0x0000000000000001, R9 =0x0000000000000000, R10=0x0000000000000002, R11=0x00000000ffffffff
R12=0x0000000000000000, R13=0x00000000cd53b5a8, R14=0x000000d579ffebb0, R15=0x0000028cddc6f3d0
RIP=0x0000028cd0a16006, EFLAGS=0x0000000000010203


Register to memory mapping:

RIP=0x0000028cd0a16006 is at entry_point+902 in (nmethod*)0x0000028cd0a15a10
Compiled method (c1) 8371537 6645       1       java.math.BigDecimal::getValueString (160 bytes)
 total in heap  [0x0000028cd0a15a10,0x0000028cd0a167f0] = 3552
 relocation     [0x0000028cd0a15b68,0x0000028cd0a15c70] = 264
 main code      [0x0000028cd0a15c80,0x0000028cd0a162c0] = 1600
 stub code      [0x0000028cd0a162c0,0x0000028cd0a163d8] = 280
 metadata       [0x0000028cd0a163d8,0x0000028cd0a16428] = 80
 scopes data    [0x0000028cd0a16428,0x0000028cd0a16638] = 528
 scopes pcs     [0x0000028cd0a16638,0x0000028cd0a167c8] = 400
 dependencies   [0x0000028cd0a167c8,0x0000028cd0a167d0] = 8
 nul chk table  [0x0000028cd0a167d0,0x0000028cd0a167f0] = 32
RAX=0x00000000cd53b870 is an oop: java.lang.StringBuilder 
{0x00000000cd53b870} - klass: 'java/lang/StringBuilder'
 - ---- fields (total size 3 words):
 - 'count' 'I' @12  2
 - 'coder' 'B' @16  0
 - 'value' '[B' @20  [B{0x00000000cd53b888} (cd53b888)
RBX=0x00000000cd53b888 is an oop: [B 
{0x00000000cd53b888} - klass: {type array byte}
 - length: 6
RCX=0x0000000000000002 is an unknown value
RDX=0x00000000cd53b870 is an oop: java.lang.StringBuilder 
{0x00000000cd53b870} - klass: 'java/lang/StringBuilder'
 - ---- fields (total size 3 words):
 - 'count' 'I' @12  2
 - 'coder' 'B' @16  0
 - 'value' '[B' @20  [B{0x00000000cd53b888} (cd53b888)
RSP=0x000000d579ffe320 is pointing into the stack for thread: 0x0000028cddc6f3d0
RBP=0x000000d579fff330 is pointing into the stack for thread: 0x0000028cddc6f3d0
RSI=0x0 is NULL
RDI=0x0 is NULL
R8 =0x0000000000000001 is an unknown value
R9 =0x0 is NULL
R10=0x0000000000000002 is an unknown value
R11=0x00000000ffffffff is an unallocated location in the heap
R12=0x0 is NULL
R13=0x00000000cd53b5a8 is an oop: java.lang.StringBuilder 
{0x00000000cd53b5a8} - klass: 'java/lang/StringBuilder'
 - ---- fields (total size 3 words):
 - 'count' 'I' @12  9
 - 'coder' 'B' @16  0
 - 'value' '[B' @20  [B{0x00000000cd53b5c0} (cd53b5c0)
R14=0x000000d579ffebb0 is pointing into the stack for thread: 0x0000028cddc6f3d0
R15=0x0000028cddc6f3d0 is a thread


Top of Stack: (sp=0x000000d579ffe320)
0x000000d579ffe320:   000000d579fff330 0000028cd01f150c
0x000000d579ffe330:   0062007400000013 00000000cf77a6c8
0x000000d579ffe340:   000000d579fff330 0000028cd0ac7544
0x000000d579ffe350:   0000000000000000 0000028cd00ca074
0x000000d579ffe360:   00000000cd525fb8 0000000065a6b5af
0x000000d579ffe370:   0000000000000000 0000000300000009
0x000000d579ffe380:   0000000000000002 00000000cd53b840
0x000000d579ffe390:   00000000000000d2 0000000000000003
0x000000d579ffe3a0:   000000d579fff330 0000028cd0950684
0x000000d579ffe3b0:   0000000000000015 0000028cd0a183ec
0x000000d579ffe3c0:   ffffffff00000001 0000028cd0a17584
0x000000d579ffe3d0:   00000000cd53b858 0000028cd01f672c
0x000000d579ffe3e0:   00000000c0e70ef0 00000000cd53b870
0x000000d579ffe3f0:   000000d579ffe488 0000000000000015
0x000000d579ffe400:   00000000cd53b840 00000000cd53b6e0
0x000000d579ffe410:   000000d579fff330 0000028cd0a13af4
0x000000d579ffe420:   000000d579fff330 0000028cd0a17b64
0x000000d579ffe430:   0000000000000000 00007ff8ebd80699
0x000000d579ffe440:   000000d579fff330 0000028cd0ac8354
0x000000d579ffe450:   0000000000000000 0000000000000000
0x000000d579ffe460:   00000000cd53b590 00000000cd53b5a8
0x000000d579ffe470:   00000000cd53b6f8 0000000000000002
0x000000d579ffe480:   000000d579fff330 0000028cd0a92ec4
0x000000d579ffe490:   000000d579fff330 00000000cd53b5a8
0x000000d579ffe4a0:   000000003adaa540 0000000065a66857
0x000000d579ffe4b0:   00000000c0e1a648 0000000000000000
0x000000d579ffe4c0:   00000000cd53b818 0000028c00000003
0x000000d579ffe4d0:   00000000c0e19e38 00000000cd53b818
0x000000d579ffe4e0:   00000000c0e19ff8 00000000c0e70ef0
0x000000d579ffe4f0:   00000000cd53b778 00000000cd53b7f0
0x000000d579ffe500:   000000d579ffe768 0000028cddc6f3d0
0x000000d579ffe510:   000000d579fff330 0000028cd01f94c4 

Instructions: (pc=0x0000028cd0a16006)
0x0000028cd0a15f06:   c0 00 00 00 0f 1f 44 00 00 e8 6c b4 5f ff 44 8b
0x0000028cd0a15f16:   84 24 a0 00 00 00 41 83 f8 00 48 8b 84 24 c0 00
0x0000028cd0a15f26:   00 00 0f 8d 3e 01 00 00 41 b8 00 00 00 00 41 b9
0x0000028cd0a15f36:   2d 00 00 00 48 8b d0 66 90 e8 3c b4 5f ff 48 8b
0x0000028cd0a15f46:   84 24 c0 00 00 00 e9 1b 01 00 00 48 ba d0 f7 04
0x0000028cd0a15f56:   00 01 00 00 00 49 8b 87 08 01 00 00 48 8d 78 18
0x0000028cd0a15f66:   49 3b bf 18 01 00 00 0f 87 a1 02 00 00 49 89 bf
0x0000028cd0a15f76:   08 01 00 00 48 c7 00 01 00 00 00 48 8b ca 48 c1
0x0000028cd0a15f86:   e9 03 89 48 08 48 33 c9 89 48 0c 48 33 c9 48 89
0x0000028cd0a15f96:   48 10 48 89 84 24 c8 00 00 00 ba 03 00 00 00 2b
0x0000028cd0a15fa6:   94 24 a4 00 00 00 03 d3 4c 8b c2 48 8b d0 66 66
0x0000028cd0a15fb6:   90 e8 84 5f 75 ff 44 8b 84 24 a0 00 00 00 41 83
0x0000028cd0a15fc6:   f8 00 49 b8 d0 73 05 c1 00 00 00 00 0f 8d 0a 00
0x0000028cd0a15fd6:   00 00 49 b8 c0 c9 f6 c0 00 00 00 00 48 8b 94 24
0x0000028cd0a15fe6:   c8 00 00 00 0f 1f 44 00 00 e8 6c 36 6b ff be 00
0x0000028cd0a15ff6:   00 00 00 e9 31 00 00 00 66 90 00 00 00 00 00 00
0x0000028cd0a16006:   00 41 b8 30 00 00 00 48 8b d0 0f 1f 80 00 00 00
0x0000028cd0a16016:   00 e8 c4 76 75 ff 8b b4 24 d0 00 00 00 ff c6 4d
0x0000028cd0a16026:   8b 97 58 03 00 00 41 85 02 48 8b 84 24 c8 00 00
0x0000028cd0a16036:   00 44 8b 9c 24 a4 00 00 00 4d 8b c3 41 f7 d8 41
0x0000028cd0a16046:   3b f0 7c b6 4c 8b 8c 24 b0 00 00 00 4d 8b c1 48
0x0000028cd0a16056:   8b d0 0f 1f 80 00 00 00 00 e8 fc 35 6b ff 48 8b
0x0000028cd0a16066:   84 24 c8 00 00 00 0f be 50 10 83 fa 00 ba 00 00
0x0000028cd0a16076:   00 00 0f 85 05 00 00 00 ba 01 00 00 00 83 e2 01
0x0000028cd0a16086:   83 fa 00 0f 84 c2 00 00 00 44 8b 40 14 44 8b 48
0x0000028cd0a16096:   0c 41 83 f9 00 0f 85 0f 00 00 00 48 be 80 b3 a7
0x0000028cd0a160a6:   c0 00 00 00 00 e9 b7 00 00 00 48 ba 58 1b 04 00
0x0000028cd0a160b6:   01 00 00 00 49 8b 87 08 01 00 00 48 8d 78 18 49
0x0000028cd0a160c6:   3b bf 18 01 00 00 0f 87 54 01 00 00 49 89 bf 08
0x0000028cd0a160d6:   01 00 00 48 c7 00 01 00 00 00 48 8b ca 48 c1 e9
0x0000028cd0a160e6:   03 89 48 08 48 33 c9 89 48 0c 48 33 c9 48 89 48
0x0000028cd0a160f6:   10 49 8b d0 41 b8 00 00 00 00 48 89 84 24 d8 00 


Stack slot to memory mapping:
stack at sp + 0 slots: 0x000000d579fff330 is pointing into the stack for thread: 0x0000028cddc6f3d0
stack at sp + 1 slots: 0x0000028cd01f150c is at entry_point+332 in (nmethod*)0x0000028cd01f1210
Compiled method (c1) 8371552 6445       1       java.math.BigDecimal::createAndStripZerosToMatchScale (70 bytes)
 total in heap  [0x0000028cd01f1210,0x0000028cd01f16a8] = 1176
 relocation     [0x0000028cd01f1368,0x0000028cd01f13b0] = 72
 main code      [0x0000028cd01f13c0,0x0000028cd01f1580] = 448
 stub code      [0x0000028cd01f1580,0x0000028cd01f15d8] = 88
 metadata       [0x0000028cd01f15d8,0x0000028cd01f15e0] = 8
 scopes data    [0x0000028cd01f15e0,0x0000028cd01f1630] = 80
 scopes pcs     [0x0000028cd01f1630,0x0000028cd01f16a0] = 112
 dependencies   [0x0000028cd01f16a0,0x0000028cd01f16a8] = 8
stack at sp + 2 slots: 0x0062007400000013 is an unknown value
stack at sp + 3 slots: 0x00000000cf77a6c8 is an oop: [C 
{0x00000000cf77a6c8} - klass: {type array char}
 - length: 2060
stack at sp + 4 slots: 0x000000d579fff330 is pointing into the stack for thread: 0x0000028cddc6f3d0
stack at sp + 5 slots: 0x0000028cd0ac7544 is at entry_point+228 in (nmethod*)0x0000028cd0ac7290
Compiled method (c1) 8371555 4907       1       java.time.LocalTime::getLong (50 bytes)
 total in heap  [0x0000028cd0ac7290,0x0000028cd0ac7760] = 1232
 relocation     [0x0000028cd0ac73e8,0x0000028cd0ac7460] = 120
 main code      [0x0000028cd0ac7460,0x0000028cd0ac7640] = 480
 stub code      [0x0000028cd0ac7640,0x0000028cd0ac76b8] = 120
 metadata       [0x0000028cd0ac76b8,0x0000028cd0ac76c0] = 8
 scopes data    [0x0000028cd0ac76c0,0x0000028cd0ac76e8] = 40
 scopes pcs     [0x0000028cd0ac76e8,0x0000028cd0ac7758] = 112
 dependencies   [0x0000028cd0ac7758,0x0000028cd0ac7760] = 8
stack at sp + 6 slots: 0x0 is NULL
stack at sp + 7 slots: 0x0000028cd00ca074 is at entry_point+180 in (nmethod*)0x0000028cd00c9e10
Compiled method (c1) 8371555   51       1       java.lang.AbstractStringBuilder::putStringAt (34 bytes)
 total in heap  [0x0000028cd00c9e10,0x0000028cd00ca1d8] = 968
 relocation     [0x0000028cd00c9f68,0x0000028cd00c9fa8] = 64
 main code      [0x0000028cd00c9fc0,0x0000028cd00ca0e0] = 288
 stub code      [0x0000028cd00ca0e0,0x0000028cd00ca138] = 88
 metadata       [0x0000028cd00ca138,0x0000028cd00ca140] = 8
 scopes data    [0x0000028cd00ca140,0x0000028cd00ca170] = 48
 scopes pcs     [0x0000028cd00ca170,0x0000028cd00ca1c0] = 80
 dependencies   [0x0000028cd00ca1c0,0x0000028cd00ca1c8] = 8
 nul chk table  [0x0000028cd00ca1c8,0x0000028cd00ca1d8] = 16


Compiled method (c1) 8371557 6645       1       java.math.BigDecimal::getValueString (160 bytes)
 total in heap  [0x0000028cd0a15a10,0x0000028cd0a167f0] = 3552
 relocation     [0x0000028cd0a15b68,0x0000028cd0a15c70] = 264
 main code      [0x0000028cd0a15c80,0x0000028cd0a162c0] = 1600
 stub code      [0x0000028cd0a162c0,0x0000028cd0a163d8] = 280
 metadata       [0x0000028cd0a163d8,0x0000028cd0a16428] = 80
 scopes data    [0x0000028cd0a16428,0x0000028cd0a16638] = 528
 scopes pcs     [0x0000028cd0a16638,0x0000028cd0a167c8] = 400
 dependencies   [0x0000028cd0a167c8,0x0000028cd0a167d0] = 8
 nul chk table  [0x0000028cd0a167d0,0x0000028cd0a167f0] = 32

[Constant Pool (empty)]

[MachCode]
[Entry Point]
  # {method} {0x0000028cd9b8abe8} 'getValueString' '(ILjava/lang/String;I)Ljava/lang/String;' in 'java/math/BigDecimal'
  # this:     rdx:rdx   = 'java/math/BigDecimal'
  # parm0:    r8        = int
  # parm1:    r9:r9     = 'java/lang/String'
  # parm2:    rdi       = int
  #           [sp+0x100]  (sp of caller)
  0x0000028cd0a15c80: 448b 5208 | 49c1 e203 

  0x0000028cd0a15c88: ;   {runtime_call ic_miss_stub}
  0x0000028cd0a15c88: 4c3b d00f | 85ef b35f | ff0f 1f84 | 0000 0000 | 000f 1f80 | 0000 0000 
[Verified Entry Point]
  0x0000028cd0a15ca0: 8984 2400 | 90ff ff55 | 4881 ecf0 | 0000 0044 | 8984 24a0 | 0000 0041 | 8b49 148b | 510c 410f 
  0x0000028cd0a15cc0: be49 10c1 | e118 c1f9 | 1848 8bda | d3fb 4c8b | db44 2bdf | 4489 9c24 | a400 0000 | 4183 fb00 
  0x0000028cd0a15ce0: 4c89 8c24 | b000 0000 | 0f85 9b01 

  0x0000028cd0a15cec: ;   {metadata('java/lang/StringBuilder')}
  0x0000028cd0a15cec: 0000 48ba | d0f7 0400 | 0100 0000 | 498b 8708 | 0100 0048 | 8d78 1849 | 3bbf 1801 | 0000 0f87 
  0x0000028cd0a15d0c: aa04 0000 | 4989 bf08 | 0100 0048 | c700 0100 | 0000 488b | ca48 c1e9 | 0389 4808 | 4833 c989 
  0x0000028cd0a15d2c: 480c 4833 | c948 8948 | 1041 b810 | 0000 0048 | 8bd0 4889 | 8424 a800 

  0x0000028cd0a15d44: ;   {optimized virtual_call}
  0x0000028cd0a15d44: 0000 90e8 

  0x0000028cd0a15d48: ; ImmutableOopMap {[168]=Oop [176]=Oop }
                      ;*invokespecial <init> {reexecute=0 rethrow=0 return_oop=0}
                      ; - java.lang.StringBuilder::<init>@3
                      ; - java.math.BigDecimal::getValueString@17
  0x0000028cd0a15d48: f461 75ff | 448b 8424 | a000 0000 | 4183 f800 

  0x0000028cd0a15d58: ;   {oop("0."{0x00000000c10573d0})}
  0x0000028cd0a15d58: 49b8 d073 | 05c1 0000 | 0000 0f8d | 0a00 0000 

  0x0000028cd0a15d68: ;   {oop("-0."{0x00000000c0f6c9c0})}
  0x0000028cd0a15d68: 49b8 c0c9 | f6c0 0000 | 0000 488b | 9424 a800 | 0000 0f1f 

  0x0000028cd0a15d7c: ;   {optimized virtual_call}
  0x0000028cd0a15d7c: 4400 00e8 

  0x0000028cd0a15d80: ; ImmutableOopMap {[168]=Oop [176]=Oop }
                      ;*invokespecial append {reexecute=0 rethrow=0 return_oop=0}
                      ; - java.lang.StringBuilder::append@2
                      ; - java.math.BigDecimal::getValueString@33
  0x0000028cd0a15d80: dc38 6bff | 4c8b 8424 | b000 0000 | 488b 9424 | a800 0000 

  0x0000028cd0a15d94: ;   {optimized virtual_call}
  0x0000028cd0a15d94: 6666 90e8 

  0x0000028cd0a15d98: ; ImmutableOopMap {[168]=Oop }
                      ;*invokespecial append {reexecute=0 rethrow=0 return_oop=0}
                      ; - java.lang.StringBuilder::append@2
                      ; - java.math.BigDecimal::getValueString@37
  0x0000028cd0a15d98: c438 6bff | 488b 8424 | a800 0000 | 0fbe 5010 | 83fa 00ba | 0000 0000 | 0f85 0500 | 0000 ba01 
  0x0000028cd0a15db8: 0000 0083 | e201 83fa | 000f 84b9 | 0300 0044 | 8b40 1444 | 8b48 0c41 | 83f9 000f | 850f 0000 
  0x0000028cd0a15dd8: ;   {oop(""{0x00000000c0a7b380})}
  0x0000028cd0a15dd8: 0048 be80 | b3a7 c000 | 0000 00e9 | af03 0000 

  0x0000028cd0a15de8: ;   {metadata('java/lang/String')}
  0x0000028cd0a15de8: 48ba 581b | 0400 0100 | 0000 498b | 8708 0100 | 0048 8d78 | 1849 3bbf | 1801 0000 | 0f87 bd03 
  0x0000028cd0a15e08: 0000 4989 | bf08 0100 | 0048 c700 | 0100 0000 | 488b ca48 | c1e9 0389 | 4808 4833 | c989 480c 
  0x0000028cd0a15e28: 4833 c948 | 8948 1049 | 8bd0 41b8 | 0000 0000 | 4889 8424 | b800 0000 | 0f1f 8000 

  0x0000028cd0a15e44: ;   {static_call}
  0x0000028cd0a15e44: 0000 00e8 

  0x0000028cd0a15e48: ; ImmutableOopMap {[184]=Oop }
                      ;*invokestatic copyOfRange {reexecute=0 rethrow=0 return_oop=0}
                      ; - java.lang.StringLatin1::newString@16
                      ; - java.lang.StringBuilder::toString@16
                      ; - java.math.BigDecimal::getValueString@40
  0x0000028cd0a15e48: 5427 6bff | 410f be57 | 3883 fa00 | 488b 9424 | b800 0000 | 0f85 7203 | 0000 4c8b | d044 8952 
  0x0000028cd0a15e68: 1448 8bf2 | 4833 f048 | c1ee 1448 | 83fe 000f | 8572 0300 | 00c6 4210 | 0048 8bf2 | e90e 0300 
  0x0000028cd0a15e88: 0041 83fb | 000f 8ebe 

  0x0000028cd0a15e90: ;   {metadata('java/lang/StringBuilder')}
  0x0000028cd0a15e90: 0000 0048 | bad0 f704 | 0001 0000 | 0049 8b87 | 0801 0000 | 488d 7818 | 493b bf18 | 0100 000f 
  0x0000028cd0a15eb0: 8752 0300 | 0049 89bf | 0801 0000 | 48c7 0001 | 0000 0048 | 8bca 48c1 | e903 8948 | 0848 33c9 
  0x0000028cd0a15ed0: 8948 0c48 | 33c9 4889 | 4810 4889 | 8424 c000 | 0000 4c8b | 8424 b000 | 0000 488b 

  0x0000028cd0a15eec: ;   {optimized virtual_call}
  0x0000028cd0a15eec: d066 90e8 

  0x0000028cd0a15ef0: ; ImmutableOopMap {[192]=Oop }
                      ;*invokespecial <init> {reexecute=0 rethrow=0 return_oop=0}
                      ; - java.lang.StringBuilder::<init>@2
                      ; - java.math.BigDecimal::getValueString@54
  0x0000028cd0a15ef0: 8cb4 5fff | 448b 8424 | a400 0000 | 41b9 2e00 | 0000 488b | 9424 c000 | 0000 0f1f 

  0x0000028cd0a15f0c: ;   {optimized virtual_call}
  0x0000028cd0a15f0c: 4400 00e8 

  0x0000028cd0a15f10: ; ImmutableOopMap {[192]=Oop }
                      ;*invokespecial insert {reexecute=0 rethrow=0 return_oop=0}
                      ; - java.lang.StringBuilder::insert@3
                      ; - java.math.BigDecimal::getValueString@65
  0x0000028cd0a15f10: 6cb4 5fff | 448b 8424 | a000 0000 | 4183 f800 | 488b 8424 | c000 0000 | 0f8d 3e01 | 0000 41b8 
  0x0000028cd0a15f30: 0000 0000 | 41b9 2d00 | 0000 488b 

  0x0000028cd0a15f3c: ;   {optimized virtual_call}
  0x0000028cd0a15f3c: d066 90e8 

  0x0000028cd0a15f40: ; ImmutableOopMap {[192]=Oop }
                      ;*invokespecial insert {reexecute=0 rethrow=0 return_oop=0}
                      ; - java.lang.StringBuilder::insert@3
                      ; - java.math.BigDecimal::getValueString@78
  0x0000028cd0a15f40: 3cb4 5fff | 488b 8424 | c000 0000 | e91b 0100 

  0x0000028cd0a15f50: ;   {metadata('java/lang/StringBuilder')}
  0x0000028cd0a15f50: 0048 bad0 | f704 0001 | 0000 0049 | 8b87 0801 | 0000 488d | 7818 493b | bf18 0100 | 000f 87a1 
  0x0000028cd0a15f70: 0200 0049 | 89bf 0801 | 0000 48c7 | 0001 0000 | 0048 8bca | 48c1 e903 | 8948 0848 | 33c9 8948 
  0x0000028cd0a15f90: 0c48 33c9 | 4889 4810 | 4889 8424 | c800 0000 | ba03 0000 | 002b 9424 | a400 0000 | 03d3 4c8b 
  0x0000028cd0a15fb0: c248 8bd0 

  0x0000028cd0a15fb4: ;   {optimized virtual_call}
  0x0000028cd0a15fb4: 6666 90e8 

  0x0000028cd0a15fb8: ; ImmutableOopMap {[176]=Oop [200]=Oop }
                      ;*invokespecial <init> {reexecute=0 rethrow=0 return_oop=0}
                      ; - java.lang.StringBuilder::<init>@2
                      ; - java.math.BigDecimal::getValueString@98
  0x0000028cd0a15fb8: 845f 75ff | 448b 8424 | a000 0000 | 4183 f800 

  0x0000028cd0a15fc8: ;   {oop("0."{0x00000000c10573d0})}
  0x0000028cd0a15fc8: 49b8 d073 | 05c1 0000 | 0000 0f8d | 0a00 0000 

  0x0000028cd0a15fd8: ;   {oop("-0."{0x00000000c0f6c9c0})}
  0x0000028cd0a15fd8: 49b8 c0c9 | f6c0 0000 | 0000 488b | 9424 c800 | 0000 0f1f 

  0x0000028cd0a15fec: ;   {optimized virtual_call}
  0x0000028cd0a15fec: 4400 00e8 

  0x0000028cd0a15ff0: ; ImmutableOopMap {[176]=Oop [200]=Oop }
                      ;*invokespecial append {reexecute=0 rethrow=0 return_oop=0}
                      ; - java.lang.StringBuilder::append@2
                      ; - java.math.BigDecimal::getValueString@118
  0x0000028cd0a15ff0: 6c36 6bff | be00 0000 | 00e9 3100 | 0000 6690 | 0000 0000 | 0000 0041 | b830 0000 | 0048 8bd0 
  0x0000028cd0a16010: 0f1f 8000 

  0x0000028cd0a16014: ;   {optimized virtual_call}
  0x0000028cd0a16014: 0000 00e8 

  0x0000028cd0a16018: ; ImmutableOopMap {[176]=Oop [200]=Oop }
                      ;*invokespecial append {reexecute=0 rethrow=0 return_oop=0}
                      ; - java.lang.StringBuilder::append@2
                      ; - java.math.BigDecimal::getValueString@137
  0x0000028cd0a16018: c476 75ff | 8bb4 24d0 | 0000 00ff | c64d 8b97 

  0x0000028cd0a16028: ; ImmutableOopMap {[176]=Oop [200]=Oop }
                      ;*goto {reexecute=1 rethrow=0 return_oop=0}
                      ; - (reexecute) java.math.BigDecimal::getValueString@144
  0x0000028cd0a16028: 5803 0000 

  0x0000028cd0a1602c: ;   {poll}
  0x0000028cd0a1602c: 4185 0248 | 8b84 24c8 | 0000 0044 | 8b9c 24a4 | 0000 004d | 8bc3 41f7 | d841 3bf0 | 7cb6 4c8b 
  0x0000028cd0a1604c: 8c24 b000 | 0000 4d8b | c148 8bd0 | 0f1f 8000 

  0x0000028cd0a1605c: ;   {optimized virtual_call}
  0x0000028cd0a1605c: 0000 00e8 

  0x0000028cd0a16060: ; ImmutableOopMap {[200]=Oop }
                      ;*invokespecial append {reexecute=0 rethrow=0 return_oop=0}
                      ; - java.lang.StringBuilder::append@2
                      ; - java.math.BigDecimal::getValueString@150
  0x0000028cd0a16060: fc35 6bff | 488b 8424 | c800 0000 

  0x0000028cd0a1606c: ; implicit exception: dispatches to 0x0000028cd0a16221
  0x0000028cd0a1606c: 0fbe 5010 | 83fa 00ba | 0000 0000 | 0f85 0500 | 0000 ba01 | 0000 0083 | e201 83fa | 000f 84c2 
  0x0000028cd0a1608c: 0000 0044 | 8b40 1444 | 8b48 0c41 | 83f9 000f | 850f 0000 

  0x0000028cd0a160a0: ;   {oop(""{0x00000000c0a7b380})}
  0x0000028cd0a160a0: 0048 be80 | b3a7 c000 | 0000 00e9 | b700 0000 

  0x0000028cd0a160b0: ;   {metadata('java/lang/String')}
  0x0000028cd0a160b0: 48ba 581b | 0400 0100 | 0000 498b | 8708 0100 | 0048 8d78 | 1849 3bbf | 1801 0000 | 0f87 5401 
  0x0000028cd0a160d0: 0000 4989 | bf08 0100 | 0048 c700 | 0100 0000 | 488b ca48 | c1e9 0389 | 4808 4833 | c989 480c 
  0x0000028cd0a160f0: 4833 c948 | 8948 1049 | 8bd0 41b8 | 0000 0000 | 4889 8424 | d800 0000 | 0f1f 8000 

  0x0000028cd0a1610c: ;   {static_call}
  0x0000028cd0a1610c: 0000 00e8 

  0x0000028cd0a16110: ; ImmutableOopMap {[216]=Oop }
                      ;*invokestatic copyOfRange {reexecute=0 rethrow=0 return_oop=0}
                      ; - java.lang.StringLatin1::newString@16
                      ; - java.lang.StringBuilder::toString@16
                      ; - java.math.BigDecimal::getValueString@156
  0x0000028cd0a16110: 8c24 6bff | 410f be57 | 3883 fa00 | 488b 9424 | d800 0000 | 0f85 0901 | 0000 4c8b | d044 8952 
  0x0000028cd0a16130: 144c 8bc2 | 4c33 c049 | c1e8 1449 | 83f8 000f | 850a 0100 | 00c6 4210 | 0048 8bf2 | e916 0000 
  0x0000028cd0a16150: 008b 5014 | 448b 480c | 41b8 0000 

  0x0000028cd0a1615c: ;   {static_call}
  0x0000028cd0a1615c: 0000 90e8 

  0x0000028cd0a16160: ; ImmutableOopMap {}
                      ;*invokestatic newString {reexecute=0 rethrow=0 return_oop=0}
                      ; - java.lang.StringBuilder::toString@31
                      ; - java.math.BigDecimal::getValueString@156
  0x0000028cd0a16160: 1cb8 5fff | 488b f048 | 8bc6 4881 | c4f0 0000 

  0x0000028cd0a16170: ;   {poll_return}
  0x0000028cd0a16170: 005d 493b | a750 0300 | 000f 87e8 | 0000 00c3 | 8b50 1444 | 8b48 0c41 | b800 0000 

  0x0000028cd0a1618c: ;   {static_call}
  0x0000028cd0a1618c: 0066 90e8 

  0x0000028cd0a16190: ; ImmutableOopMap {}
                      ;*invokestatic newString {reexecute=0 rethrow=0 return_oop=0}
                      ; - java.lang.StringBuilder::toString@31
                      ; - java.math.BigDecimal::getValueString@40
  0x0000028cd0a16190: ecb7 5fff | 488b f048 | 8bc6 4881 | c4f0 0000 

  0x0000028cd0a161a0: ;   {poll_return}
  0x0000028cd0a161a0: 005d 493b | a750 0300 | 000f 87ce | 0000 00c3 

  0x0000028cd0a161b0: ;   {runtime_call throw_null_pointer_exception Runtime1 stub}
  0x0000028cd0a161b0: e86b c369 

  0x0000028cd0a161b4: ; ImmutableOopMap {r9=Oop }
                      ;*invokevirtual length {reexecute=0 rethrow=0 return_oop=0}
                      ; - java.math.BigDecimal::getValueString@1
                      ;   {runtime_call throw_null_pointer_exception Runtime1 stub}
  0x0000028cd0a161b4: ffe8 66c3 

  0x0000028cd0a161b8: ; ImmutableOopMap {r9=Oop }
                      ;*arraylength {reexecute=0 rethrow=0 return_oop=0}
                      ; - java.lang.String::length@4
                      ; - java.math.BigDecimal::getValueString@1
  0x0000028cd0a161b8: 69ff 488b 

  0x0000028cd0a161bc: ;   {runtime_call fast_new_instance Runtime1 stub}
  0x0000028cd0a161bc: d2e8 3ecc 

  0x0000028cd0a161c0: ; ImmutableOopMap {[176]=Oop }
                      ;*new {reexecute=0 rethrow=0 return_oop=0}
                      ; - java.math.BigDecimal::getValueString@13
  0x0000028cd0a161c0: 69ff e96e | fbff ff48 

  0x0000028cd0a161c8: ;   {runtime_call fast_new_instance Runtime1 stub}
  0x0000028cd0a161c8: 8bd2 e831 

  0x0000028cd0a161cc: ; ImmutableOopMap {r8=Oop }
                      ;*new {reexecute=0 rethrow=0 return_oop=0}
                      ; - java.lang.StringLatin1::newString@7
                      ; - java.lang.StringBuilder::toString@16
                      ; - java.math.BigDecimal::getValueString@40
  0x0000028cd0a161cc: cc69 ffe9 | 5bfc ffff | 8b72 1448 | 83fe 000f | 8481 fcff | ff48 8934 

  0x0000028cd0a161e4: ;   {runtime_call g1_pre_barrier_slow}
  0x0000028cd0a161e4: 24e8 1626 | 6aff e973 | fcff ff48 | 83f8 000f | 8484 fcff | ff48 8914 

  0x0000028cd0a161fc: ;   {runtime_call g1_post_barrier_slow}
  0x0000028cd0a161fc: 24e8 fe28 | 6aff e976 | fcff ff48 

  0x0000028cd0a16208: ;   {runtime_call fast_new_instance Runtime1 stub}
  0x0000028cd0a16208: 8bd2 e8f1 

  0x0000028cd0a1620c: ; ImmutableOopMap {[176]=Oop }
                      ;*new {reexecute=0 rethrow=0 return_oop=0}
                      ; - java.math.BigDecimal::getValueString@49
  0x0000028cd0a1620c: cb69 ffe9 | c6fc ffff 

  0x0000028cd0a16214: ;   {runtime_call fast_new_instance Runtime1 stub}
  0x0000028cd0a16214: 488b d2e8 

  0x0000028cd0a16218: ; ImmutableOopMap {[176]=Oop }
                      ;*new {reexecute=0 rethrow=0 return_oop=0}
                      ; - java.math.BigDecimal::getValueString@85
  0x0000028cd0a16218: e4cb 69ff | e977 fdff 

  0x0000028cd0a16220: ;   {runtime_call throw_null_pointer_exception Runtime1 stub}
  0x0000028cd0a16220: ffe8 fac2 

  0x0000028cd0a16224: ; ImmutableOopMap {rax=Oop }
                      ;*invokevirtual toString {reexecute=0 rethrow=0 return_oop=0}
                      ; - java.math.BigDecimal::getValueString@156
  0x0000028cd0a16224: 69ff 488b 

  0x0000028cd0a16228: ;   {runtime_call fast_new_instance Runtime1 stub}
  0x0000028cd0a16228: d2e8 d2cb 

  0x0000028cd0a1622c: ; ImmutableOopMap {r8=Oop }
                      ;*new {reexecute=0 rethrow=0 return_oop=0}
                      ; - java.lang.StringLatin1::newString@7
                      ; - java.lang.StringBuilder::toString@16
                      ; - java.math.BigDecimal::getValueString@156
  0x0000028cd0a1622c: 69ff e9c4 | feff ff44 | 8b42 1449 | 83f8 000f | 84e9 feff | ff4c 8904 

  0x0000028cd0a16244: ;   {runtime_call g1_pre_barrier_slow}
  0x0000028cd0a16244: 24e8 b625 | 6aff e9db | feff ff48 | 83f8 000f | 84ec feff | ff48 8914 

  0x0000028cd0a1625c: ;   {runtime_call g1_post_barrier_slow}
  0x0000028cd0a1625c: 24e8 9e28 | 6aff e9de 

  0x0000028cd0a16264: ;   {internal_word}
  0x0000028cd0a16264: feff ff49 | ba72 61a1 | d08c 0200 | 004d 8997 | 6803 0000 

  0x0000028cd0a16278: ;   {runtime_call SafepointBlob}
  0x0000028cd0a16278: e983 1760 

  0x0000028cd0a1627c: ;   {internal_word}
  0x0000028cd0a1627c: ff49 baa2 | 61a1 d08c | 0200 004d | 8997 6803 

  0x0000028cd0a1628c: ;   {runtime_call SafepointBlob}
  0x0000028cd0a1628c: 0000 e96d | 1760 ff90 | 9049 8b87 | e003 0000 | 49c7 87e0 | 0300 0000 | 0000 0049 | c787 e803 
  0x0000028cd0a162ac: 0000 0000 | 0000 4881 | c4f0 0000 

  0x0000028cd0a162b8: ;   {runtime_call unwind_exception Runtime1 stub}
  0x0000028cd0a162b8: 005d e941 | b369 fff4 
[Stub Code]
  0x0000028cd0a162c0: ;   {no_reloc}
  0x0000028cd0a162c0: 0f1f 4400 

  0x0000028cd0a162c4: ;   {static_stub}
  0x0000028cd0a162c4: 0048 bb00 | 0000 0000 

  0x0000028cd0a162cc: ;   {runtime_call}
  0x0000028cd0a162cc: 0000 00e9 | fbff ffff 

  0x0000028cd0a162d4: ;   {static_stub}
  0x0000028cd0a162d4: 9048 bb00 | 0000 0000 

  0x0000028cd0a162dc: ;   {runtime_call}
  0x0000028cd0a162dc: 0000 00e9 | fbff ffff 

  0x0000028cd0a162e4: ;   {static_stub}
  0x0000028cd0a162e4: 9048 bb00 | 0000 0000 

  0x0000028cd0a162ec: ;   {runtime_call}
  0x0000028cd0a162ec: 0000 00e9 | fbff ffff 

  0x0000028cd0a162f4: ;   {static_stub}
  0x0000028cd0a162f4: 9048 bb00 | 0000 0000 

  0x0000028cd0a162fc: ;   {runtime_call}
  0x0000028cd0a162fc: 0000 00e9 | fbff ffff 

  0x0000028cd0a16304: ;   {static_stub}
  0x0000028cd0a16304: 9048 bb00 | 0000 0000 

  0x0000028cd0a1630c: ;   {runtime_call}
  0x0000028cd0a1630c: 0000 00e9 | fbff ffff 

  0x0000028cd0a16314: ;   {static_stub}
  0x0000028cd0a16314: 9048 bb00 | 0000 0000 

  0x0000028cd0a1631c: ;   {runtime_call}
  0x0000028cd0a1631c: 0000 00e9 | fbff ffff 

  0x0000028cd0a16324: ;   {static_stub}
  0x0000028cd0a16324: 9048 bb00 | 0000 0000 

  0x0000028cd0a1632c: ;   {runtime_call}
  0x0000028cd0a1632c: 0000 00e9 | fbff ffff 

  0x0000028cd0a16334: ;   {static_stub}
  0x0000028cd0a16334: 9048 bb00 | 0000 0000 

  0x0000028cd0a1633c: ;   {runtime_call}
  0x0000028cd0a1633c: 0000 00e9 | fbff ffff 

  0x0000028cd0a16344: ;   {static_stub}
  0x0000028cd0a16344: 9048 bb00 | 0000 0000 

  0x0000028cd0a1634c: ;   {runtime_call}
  0x0000028cd0a1634c: 0000 00e9 | fbff ffff 

  0x0000028cd0a16354: ;   {static_stub}
  0x0000028cd0a16354: 9048 bb00 | 0000 0000 

  0x0000028cd0a1635c: ;   {runtime_call}
  0x0000028cd0a1635c: 0000 00e9 | fbff ffff 

  0x0000028cd0a16364: ;   {static_stub}
  0x0000028cd0a16364: 9048 bb00 | 0000 0000 

  0x0000028cd0a1636c: ;   {runtime_call}
  0x0000028cd0a1636c: 0000 00e9 | fbff ffff 

  0x0000028cd0a16374: ;   {static_stub}
  0x0000028cd0a16374: 9048 bb00 | 0000 0000 

  0x0000028cd0a1637c: ;   {runtime_call}
  0x0000028cd0a1637c: 0000 00e9 | fbff ffff 

  0x0000028cd0a16384: ;   {static_stub}
  0x0000028cd0a16384: 9048 bb00 | 0000 0000 

  0x0000028cd0a1638c: ;   {runtime_call}
  0x0000028cd0a1638c: 0000 00e9 | fbff ffff 

  0x0000028cd0a16394: ;   {static_stub}
  0x0000028cd0a16394: 9048 bb00 | 0000 0000 

  0x0000028cd0a1639c: ;   {runtime_call}
  0x0000028cd0a1639c: 0000 00e9 | fbff ffff 
[Exception Handler]
  0x0000028cd0a163a4: ;   {runtime_call handle_exception_from_callee Runtime1 stub}
  0x0000028cd0a163a4: e857 df69 

  0x0000028cd0a163a8: ;   {external_word}
  0x0000028cd0a163a8: ff48 b940 | 9a3e ecf8 | 7f00 0048 

  0x0000028cd0a163b4: ;   {runtime_call}
  0x0000028cd0a163b4: 83e4 f049 | ba60 2f07 | ecf8 7f00 | 0041 ffd2 

  0x0000028cd0a163c4: ;   {section_word}
  0x0000028cd0a163c4: f449 bac5 | 63a1 d08c | 0200 0041 

  0x0000028cd0a163d0: ;   {runtime_call DeoptimizationBlob}
  0x0000028cd0a163d0: 52e9 ca08 | 60ff f4f4 
[/MachCode]


---------------  P R O C E S S  ---------------

Threads class SMR info:
_java_thread_list=0x0000028cdf765070, length=37, elements={
0x0000028cdd03d380, 0x0000028cdd03e390, 0x0000028cdd06ba50, 0x0000028cdd06c7e0,
0x0000028cdd0704d0, 0x0000028cdd070da0, 0x0000028cdd073730, 0x0000028cdd081560,
0x0000028cdd2886a0, 0x0000028cdd296160, 0x0000028cde904060, 0x0000028cddb31ff0,
0x0000028cddd3f030, 0x0000028ccd337c20, 0x0000028cddac55e0, 0x0000028cddce6550,
0x0000028cddce3570, 0x0000028cddce3a80, 0x0000028cddce44a0, 0x0000028cddce3060,
0x0000028cddc6df90, 0x0000028cddc72160, 0x0000028cddc72b80, 0x0000028cddc6e4a0,
0x0000028cddc73090, 0x0000028cddc70810, 0x0000028cddc735a0, 0x0000028cddc70d20,
0x0000028cddc6d060, 0x0000028cddc749e0, 0x0000028cddc6e9b0, 0x0000028cddc70300,
0x0000028cddc6da80, 0x0000028cddc72670, 0x0000028cddce3f90, 0x0000028cddc6d570,
0x0000028cddc6f3d0
}

Java Threads: ( => current thread )
  0x0000028cdd03d380 JavaThread "Reference Handler" daemon [_thread_blocked, id=18408, stack(0x000000d579700000,0x000000d579800000)]
  0x0000028cdd03e390 JavaThread "Finalizer" daemon [_thread_blocked, id=3804, stack(0x000000d579800000,0x000000d579900000)]
  0x0000028cdd06ba50 JavaThread "Signal Dispatcher" daemon [_thread_blocked, id=21016, stack(0x000000d579900000,0x000000d579a00000)]
  0x0000028cdd06c7e0 JavaThread "Attach Listener" daemon [_thread_blocked, id=18656, stack(0x000000d579a00000,0x000000d579b00000)]
  0x0000028cdd0704d0 JavaThread "Service Thread" daemon [_thread_blocked, id=11436, stack(0x000000d579b00000,0x000000d579c00000)]
  0x0000028cdd070da0 JavaThread "Monitor Deflation Thread" daemon [_thread_blocked, id=18672, stack(0x000000d579c00000,0x000000d579d00000)]
  0x0000028cdd073730 JavaThread "C1 CompilerThread0" daemon [_thread_blocked, id=8904, stack(0x000000d579d00000,0x000000d579e00000)]
  0x0000028cdd081560 JavaThread "Sweeper thread" daemon [_thread_blocked, id=1040, stack(0x000000d579e00000,0x000000d579f00000)]
  0x0000028cdd2886a0 JavaThread "Notification Thread" daemon [_thread_blocked, id=11864, stack(0x000000d57a000000,0x000000d57a100000)]
  0x0000028cdd296160 JavaThread "Common-Cleaner" daemon [_thread_blocked, id=3364, stack(0x000000d57a200000,0x000000d57a300000)]
  0x0000028cde904060 JavaThread "boundedElastic-evictor-1" daemon [_thread_blocked, id=23468, stack(0x000000d57b500000,0x000000d57b600000)]
  0x0000028cddb31ff0 JavaThread "pool-12-thread-1" [_thread_blocked, id=872, stack(0x000000d57b600000,0x000000d57b700000)]
  0x0000028cddd3f030 JavaThread "LanguageServerApp-lifecycle" [_thread_blocked, id=3768, stack(0x000000d57b700000,0x000000d57b800000)]
  0x0000028ccd337c20 JavaThread "DestroyJavaVM" [_thread_blocked, id=2404, stack(0x000000d579000000,0x000000d579100000)]
  0x0000028cddac55e0 JavaThread "pool-13-thread-1" [_thread_in_native, id=24916, stack(0x000000d57b800000,0x000000d57b900000)]
  0x0000028cddce6550 JavaThread "Simple-Language-Server main thread" daemon [_thread_blocked, id=12440, stack(0x000000d57b900000,0x000000d57ba00000)]
  0x0000028cddce3570 JavaThread "pool-8-thread-1" [_thread_blocked, id=1968, stack(0x000000d57be00000,0x000000d57bf00000)]
  0x0000028cddce3a80 JavaThread "parallel-1" daemon [_thread_blocked, id=4756, stack(0x000000d57bf00000,0x000000d57c000000)]
  0x0000028cddce44a0 JavaThread "pool-6-thread-1" [_thread_blocked, id=15328, stack(0x000000d57c000000,0x000000d57c100000)]
  0x0000028cddce3060 JavaThread "parallel-2" daemon [_thread_blocked, id=6532, stack(0x000000d57c100000,0x000000d57c200000)]
  0x0000028cddc6df90 JavaThread "parallel-3" daemon [_thread_blocked, id=25460, stack(0x000000d57c200000,0x000000d57c300000)]
  0x0000028cddc72160 JavaThread "parallel-4" daemon [_thread_blocked, id=4268, stack(0x000000d57c700000,0x000000d57c800000)]
  0x0000028cddc72b80 JavaThread "parallel-5" daemon [_thread_blocked, id=10820, stack(0x000000d57c800000,0x000000d57c900000)]
  0x0000028cddc6e4a0 JavaThread "Reconciler-1" daemon [_thread_blocked, id=25436, stack(0x000000d57cb00000,0x000000d57cc00000)]
  0x0000028cddc73090 JavaThread "parallel-6" daemon [_thread_blocked, id=18628, stack(0x000000d57a400000,0x000000d57a500000)]
  0x0000028cddc70810 JavaThread "parallel-7" daemon [_thread_blocked, id=20824, stack(0x000000d57ac00000,0x000000d57ad00000)]
  0x0000028cddc735a0 JavaThread "parallel-8" daemon [_thread_blocked, id=17620, stack(0x000000d578d00000,0x000000d578e00000)]
  0x0000028cddc70d20 JavaThread "parallel-9" daemon [_thread_blocked, id=21532, stack(0x000000d578e00000,0x000000d578f00000)]
  0x0000028cddc6d060 JavaThread "parallel-10" daemon [_thread_blocked, id=21740, stack(0x000000d57d500000,0x000000d57d600000)]
  0x0000028cddc749e0 JavaThread "parallel-11" daemon [_thread_blocked, id=4008, stack(0x000000d57d300000,0x000000d57d400000)]
  0x0000028cddc6e9b0 JavaThread "parallel-12" daemon [_thread_blocked, id=11236, stack(0x000000d57ad00000,0x000000d57ae00000)]
  0x0000028cddc70300 JavaThread "parallel-13" daemon [_thread_blocked, id=2668, stack(0x000000d57bc00000,0x000000d57bd00000)]
  0x0000028cddc6da80 JavaThread "parallel-14" daemon [_thread_blocked, id=2784, stack(0x000000d57ba00000,0x000000d57bb00000)]
  0x0000028cddc72670 JavaThread "parallel-15" daemon [_thread_blocked, id=21308, stack(0x000000d57c900000,0x000000d57ca00000)]
  0x0000028cddce3f90 JavaThread "parallel-16" daemon [_thread_blocked, id=3872, stack(0x000000d57bd00000,0x000000d57be00000)]
  0x0000028cddc6d570 JavaThread "pool-5-thread-36" [_thread_blocked, id=17020, stack(0x000000d578f00000,0x000000d579000000)]
=>0x0000028cddc6f3d0 JavaThread "pool-4-thread-19" [_thread_in_Java, id=25820, stack(0x000000d579f00000,0x000000d57a000000)]

Other Threads:
  0x0000028cdd0280b0 VMThread "VM Thread" [stack: 0x000000d579600000,0x000000d579700000] [id=13692]
  0x0000028cdd28a1a0 WatcherThread [stack: 0x000000d57a100000,0x000000d57a200000] [id=6676]
  0x0000028ccd376fe0 GCTaskThread "GC Thread#0" [stack: 0x000000d579100000,0x000000d579200000] [id=5712]
  0x0000028cddd7db50 GCTaskThread "GC Thread#1" [stack: 0x000000d57a500000,0x000000d57a600000] [id=20208]
  0x0000028cddd95d20 GCTaskThread "GC Thread#2" [stack: 0x000000d57a600000,0x000000d57a700000] [id=21428]
  0x0000028cddd979b0 GCTaskThread "GC Thread#3" [stack: 0x000000d57a700000,0x000000d57a800000] [id=15592]
  0x0000028cddd97c70 GCTaskThread "GC Thread#4" [stack: 0x000000d57a800000,0x000000d57a900000] [id=24756]
  0x0000028cde017860 GCTaskThread "GC Thread#5" [stack: 0x000000d57a900000,0x000000d57aa00000] [id=20060]
  0x0000028cde017b20 GCTaskThread "GC Thread#6" [stack: 0x000000d57aa00000,0x000000d57ab00000] [id=8712]
  0x0000028cde2d0020 GCTaskThread "GC Thread#7" [stack: 0x000000d57ae00000,0x000000d57af00000] [id=3880]
  0x0000028cde31eb40 GCTaskThread "GC Thread#8" [stack: 0x000000d57af00000,0x000000d57b000000] [id=4776]
  0x0000028cde2798d0 GCTaskThread "GC Thread#9" [stack: 0x000000d57b000000,0x000000d57b100000] [id=14912]
  0x0000028cde279b90 GCTaskThread "GC Thread#10" [stack: 0x000000d57b100000,0x000000d57b200000] [id=19152]
  0x0000028cde2c9040 GCTaskThread "GC Thread#11" [stack: 0x000000d57b200000,0x000000d57b300000] [id=25468]
  0x0000028cde5363c0 GCTaskThread "GC Thread#12" [stack: 0x000000d57ab00000,0x000000d57ac00000] [id=11412]
  0x0000028ccd37fe40 ConcurrentGCThread "G1 Main Marker" [stack: 0x000000d579200000,0x000000d579300000] [id=19680]
  0x0000028ccd380770 ConcurrentGCThread "G1 Conc#0" [stack: 0x000000d579300000,0x000000d579400000] [id=17672]
  0x0000028cde2c9300 ConcurrentGCThread "G1 Conc#1" [stack: 0x000000d57b300000,0x000000d57b400000] [id=5092]
  0x0000028cde2f0d40 ConcurrentGCThread "G1 Conc#2" [stack: 0x000000d57b400000,0x000000d57b500000] [id=3896]
  0x0000028ccd3dec60 ConcurrentGCThread "G1 Refine#0" [stack: 0x000000d579400000,0x000000d579500000] [id=20888]
  0x0000028cd8b17bf0 ConcurrentGCThread "G1 Service" [stack: 0x000000d579500000,0x000000d579600000] [id=6884]

Threads with active compile tasks:

VM state: not at safepoint (normal execution)

VM Mutex/Monitor currently owned by a thread: None

Heap address: 0x00000000c0000000, size: 1024 MB, Compressed Oops mode: 32-bit

CDS archive(s) not mapped
Compressed class space mapped at: 0x0000000100000000-0x0000000140000000, reserved size: 1073741824
Narrow klass base: 0x0000000000000000, Narrow klass shift: 3, Narrow klass range: 0x140000000

GC Precious Log:
 CPUs: 16 total, 16 available
 Memory: 15790M
 Large Page Support: Disabled
 NUMA Support: Disabled
 Compressed Oops: Enabled (32-bit)
 Heap Region Size: 1M
 Heap Min Capacity: 8M
 Heap Initial Capacity: 248M
 Heap Max Capacity: 1G
 Pre-touch: Disabled
 Parallel Workers: 13
 Concurrent Workers: 3
 Concurrent Refinement Workers: 13
 Periodic GC: Disabled

Heap:
 garbage-first heap   total 101376K, used 39163K [0x00000000c0000000, 0x0000000100000000)
  region size 1024K, 4 young (4096K), 0 survivors (0K)
 Metaspace       used 60268K, committed 60736K, reserved 1114112K
  class space    used 7501K, committed 7744K, reserved 1048576K

Heap Regions: E=young(eden), S=young(survivor), O=old, HS=humongous(starts), HC=humongous(continues), CS=collection set, F=free, OA=open archive, CA=closed archive, TAMS=top-at-mark-start (previous, next)
|   0|0x00000000c0000000, 0x00000000c0100000, 0x00000000c0100000|100%|HS|  |TAMS 0x00000000c0100000, 0x00000000c0000000| Untracked 
|   1|0x00000000c0100000, 0x00000000c0200000, 0x00000000c0200000|100%|HC|  |TAMS 0x00000000c0200000, 0x00000000c0100000| Untracked 
|   2|0x00000000c0200000, 0x00000000c0300000, 0x00000000c0300000|100%|HC|  |TAMS 0x00000000c0300000, 0x00000000c0200000| Untracked 
|   3|0x00000000c0300000, 0x00000000c0400000, 0x00000000c0400000|100%|HC|  |TAMS 0x00000000c0400000, 0x00000000c0300000| Untracked 
|   4|0x00000000c0400000, 0x00000000c04ffef0, 0x00000000c0500000| 99%| O|  |TAMS 0x00000000c04ffef0, 0x00000000c0400000| Untracked 
|   5|0x00000000c0500000, 0x00000000c0600000, 0x00000000c0600000|100%| O|  |TAMS 0x00000000c0600000, 0x00000000c0500000| Untracked 
|   6|0x00000000c0600000, 0x00000000c06fffe8, 0x00000000c0700000| 99%| O|  |TAMS 0x00000000c06fffe8, 0x00000000c0600000| Untracked 
|   7|0x00000000c0700000, 0x00000000c0800000, 0x00000000c0800000|100%| O|  |TAMS 0x00000000c0800000, 0x00000000c0700000| Untracked 
|   8|0x00000000c0800000, 0x00000000c0900000, 0x00000000c0900000|100%| O|  |TAMS 0x00000000c0900000, 0x00000000c0800000| Untracked 
|   9|0x00000000c0900000, 0x00000000c09ffff8, 0x00000000c0a00000| 99%| O|  |TAMS 0x00000000c09ffff8, 0x00000000c0900000| Untracked 
|  10|0x00000000c0a00000, 0x00000000c0affff8, 0x00000000c0b00000| 99%| O|  |TAMS 0x00000000c0affff8, 0x00000000c0a00000| Untracked 
|  11|0x00000000c0b00000, 0x00000000c0c00000, 0x00000000c0c00000|100%| O|  |TAMS 0x00000000c0c00000, 0x00000000c0b00000| Untracked 
|  12|0x00000000c0c00000, 0x00000000c0d00000, 0x00000000c0d00000|100%| O|  |TAMS 0x00000000c0d00000, 0x00000000c0c00000| Untracked 
|  13|0x00000000c0d00000, 0x00000000c0e00000, 0x00000000c0e00000|100%| O|  |TAMS 0x00000000c0e00000, 0x00000000c0d00000| Untracked 
|  14|0x00000000c0e00000, 0x00000000c0efffb8, 0x00000000c0f00000| 99%| O|  |TAMS 0x00000000c0efffb8, 0x00000000c0e00000| Untracked 
|  15|0x00000000c0f00000, 0x00000000c0fffff8, 0x00000000c1000000| 99%| O|  |TAMS 0x00000000c0fffff8, 0x00000000c0f00000| Untracked 
|  16|0x00000000c1000000, 0x00000000c1100000, 0x00000000c1100000|100%| O|  |TAMS 0x00000000c1100000, 0x00000000c1000000| Untracked 
|  17|0x00000000c1100000, 0x00000000c11ffff0, 0x00000000c1200000| 99%| O|  |TAMS 0x00000000c11ffff0, 0x00000000c1100000| Untracked 
|  18|0x00000000c1200000, 0x00000000c12ffff8, 0x00000000c1300000| 99%| O|  |TAMS 0x00000000c12ffff8, 0x00000000c1200000| Untracked 
|  19|0x00000000c1300000, 0x00000000c13fffd0, 0x00000000c1400000| 99%| O|  |TAMS 0x00000000c13fffd0, 0x00000000c1300000| Untracked 
|  20|0x00000000c1400000, 0x00000000c14ffff8, 0x00000000c1500000| 99%| O|  |TAMS 0x00000000c14ffff8, 0x00000000c1400000| Untracked 
|  21|0x00000000c1500000, 0x00000000c15fffe0, 0x00000000c1600000| 99%| O|  |TAMS 0x00000000c15fffe0, 0x00000000c1500000| Untracked 
|  22|0x00000000c1600000, 0x00000000c16fff98, 0x00000000c1700000| 99%| O|  |TAMS 0x00000000c16fff98, 0x00000000c1600000| Untracked 
|  23|0x00000000c1700000, 0x00000000c1800000, 0x00000000c1800000|100%| O|  |TAMS 0x00000000c1800000, 0x00000000c1700000| Untracked 
|  24|0x00000000c1800000, 0x00000000c18ffff8, 0x00000000c1900000| 99%| O|  |TAMS 0x00000000c18ffff8, 0x00000000c1800000| Untracked 
|  25|0x00000000c1900000, 0x00000000c19ffff0, 0x00000000c1a00000| 99%| O|  |TAMS 0x00000000c19ffff0, 0x00000000c1900000| Untracked 
|  26|0x00000000c1a00000, 0x00000000c1afffe8, 0x00000000c1b00000| 99%| O|  |TAMS 0x00000000c1afffe8, 0x00000000c1a00000| Untracked 
|  27|0x00000000c1b00000, 0x00000000c1bffff0, 0x00000000c1c00000| 99%| O|  |TAMS 0x00000000c1bffff0, 0x00000000c1b00000| Untracked 
|  28|0x00000000c1c00000, 0x00000000c1cffff0, 0x00000000c1d00000| 99%| O|  |TAMS 0x00000000c1cffff0, 0x00000000c1c00000| Untracked 
|  29|0x00000000c1d00000, 0x00000000c1df8090, 0x00000000c1e00000| 96%| O|  |TAMS 0x00000000c1df8090, 0x00000000c1d00000| Untracked 
|  30|0x00000000c1e00000, 0x00000000c1efce88, 0x00000000c1f00000| 98%| O|  |TAMS 0x00000000c1efce88, 0x00000000c1e00000| Untracked 
|  31|0x00000000c1f00000, 0x00000000c1fff370, 0x00000000c2000000| 99%| O|  |TAMS 0x00000000c1fff370, 0x00000000c1f00000| Untracked 
|  32|0x00000000c2000000, 0x00000000c20fb3a0, 0x00000000c2100000| 98%| O|  |TAMS 0x00000000c20fb3a0, 0x00000000c2000000| Untracked 
|  33|0x00000000c2100000, 0x00000000c2200000, 0x00000000c2200000|100%|HS|  |TAMS 0x00000000c2200000, 0x00000000c2100000| Untracked 
|  34|0x00000000c2200000, 0x00000000c22fffd8, 0x00000000c2300000| 99%| O|  |TAMS 0x00000000c22fffd8, 0x00000000c2200000| Untracked 
|  35|0x00000000c2300000, 0x00000000c234fb98, 0x00000000c2400000| 31%| O|  |TAMS 0x00000000c2300000, 0x00000000c2300000| Untracked 
|  36|0x00000000c2400000, 0x00000000c24000a8, 0x00000000c2500000|  0%| O|  |TAMS 0x00000000c2400000, 0x00000000c2400000| Untracked 
|  37|0x00000000c2500000, 0x00000000c2500000, 0x00000000c2600000|  0%| F|  |TAMS 0x00000000c2500000, 0x00000000c2500000| Untracked 
|  38|0x00000000c2600000, 0x00000000c2600000, 0x00000000c2700000|  0%| F|  |TAMS 0x00000000c2600000, 0x00000000c2600000| Untracked 
|  39|0x00000000c2700000, 0x00000000c2700000, 0x00000000c2800000|  0%| F|  |TAMS 0x00000000c2700000, 0x00000000c2700000| Untracked 
|  40|0x00000000c2800000, 0x00000000c2800000, 0x00000000c2900000|  0%| F|  |TAMS 0x00000000c2800000, 0x00000000c2800000| Untracked 
|  41|0x00000000c2900000, 0x00000000c2900000, 0x00000000c2a00000|  0%| F|  |TAMS 0x00000000c2900000, 0x00000000c2900000| Untracked 
|  42|0x00000000c2a00000, 0x00000000c2a00000, 0x00000000c2b00000|  0%| F|  |TAMS 0x00000000c2a00000, 0x00000000c2a00000| Untracked 
|  43|0x00000000c2b00000, 0x00000000c2b00000, 0x00000000c2c00000|  0%| F|  |TAMS 0x00000000c2b00000, 0x00000000c2b00000| Untracked 
|  44|0x00000000c2c00000, 0x00000000c2c00000, 0x00000000c2d00000|  0%| F|  |TAMS 0x00000000c2c00000, 0x00000000c2c00000| Untracked 
|  45|0x00000000c2d00000, 0x00000000c2d00000, 0x00000000c2e00000|  0%| F|  |TAMS 0x00000000c2d00000, 0x00000000c2d00000| Untracked 
|  46|0x00000000c2e00000, 0x00000000c2e00000, 0x00000000c2f00000|  0%| F|  |TAMS 0x00000000c2e00000, 0x00000000c2e00000| Untracked 
|  47|0x00000000c2f00000, 0x00000000c2f00000, 0x00000000c3000000|  0%| F|  |TAMS 0x00000000c2f00000, 0x00000000c2f00000| Untracked 
|  48|0x00000000c3000000, 0x00000000c3000000, 0x00000000c3100000|  0%| F|  |TAMS 0x00000000c3000000, 0x00000000c3000000| Untracked 
|  49|0x00000000c3100000, 0x00000000c3100000, 0x00000000c3200000|  0%| F|  |TAMS 0x00000000c3100000, 0x00000000c3100000| Untracked 
|  50|0x00000000c3200000, 0x00000000c3200000, 0x00000000c3300000|  0%| F|  |TAMS 0x00000000c3200000, 0x00000000c3200000| Untracked 
|  51|0x00000000c3300000, 0x00000000c3300000, 0x00000000c3400000|  0%| F|  |TAMS 0x00000000c3300000, 0x00000000c3300000| Untracked 
|  52|0x00000000c3400000, 0x00000000c3400000, 0x00000000c3500000|  0%| F|  |TAMS 0x00000000c3400000, 0x00000000c3400000| Untracked 
|  53|0x00000000c3500000, 0x00000000c3500000, 0x00000000c3600000|  0%| F|  |TAMS 0x00000000c3500000, 0x00000000c3500000| Untracked 
|  54|0x00000000c3600000, 0x00000000c3600000, 0x00000000c3700000|  0%| F|  |TAMS 0x00000000c3600000, 0x00000000c3600000| Untracked 
|  55|0x00000000c3700000, 0x00000000c3700000, 0x00000000c3800000|  0%| F|  |TAMS 0x00000000c3700000, 0x00000000c3700000| Untracked 
|  56|0x00000000c3800000, 0x00000000c3800000, 0x00000000c3900000|  0%| F|  |TAMS 0x00000000c3800000, 0x00000000c3800000| Untracked 
|  57|0x00000000c3900000, 0x00000000c3900000, 0x00000000c3a00000|  0%| F|  |TAMS 0x00000000c3900000, 0x00000000c3900000| Untracked 
|  58|0x00000000c3a00000, 0x00000000c3a00000, 0x00000000c3b00000|  0%| F|  |TAMS 0x00000000c3a00000, 0x00000000c3a00000| Untracked 
|  59|0x00000000c3b00000, 0x00000000c3b00000, 0x00000000c3c00000|  0%| F|  |TAMS 0x00000000c3b00000, 0x00000000c3b00000| Untracked 
|  60|0x00000000c3c00000, 0x00000000c3c00000, 0x00000000c3d00000|  0%| F|  |TAMS 0x00000000c3c00000, 0x00000000c3c00000| Untracked 
|  61|0x00000000c3d00000, 0x00000000c3d00000, 0x00000000c3e00000|  0%| F|  |TAMS 0x00000000c3d00000, 0x00000000c3d00000| Untracked 
|  62|0x00000000c3e00000, 0x00000000c3e00000, 0x00000000c3f00000|  0%| F|  |TAMS 0x00000000c3e00000, 0x00000000c3e00000| Untracked 
|  63|0x00000000c3f00000, 0x00000000c3f00000, 0x00000000c4000000|  0%| F|  |TAMS 0x00000000c3f00000, 0x00000000c3f00000| Untracked 
|  64|0x00000000c4000000, 0x00000000c4000000, 0x00000000c4100000|  0%| F|  |TAMS 0x00000000c4000000, 0x00000000c4000000| Untracked 
|  65|0x00000000c4100000, 0x00000000c4100000, 0x00000000c4200000|  0%| F|  |TAMS 0x00000000c4100000, 0x00000000c4100000| Untracked 
|  66|0x00000000c4200000, 0x00000000c4200000, 0x00000000c4300000|  0%| F|  |TAMS 0x00000000c4200000, 0x00000000c4200000| Untracked 
|  67|0x00000000c4300000, 0x00000000c4300000, 0x00000000c4400000|  0%| F|  |TAMS 0x00000000c4300000, 0x00000000c4300000| Untracked 
|  68|0x00000000c4400000, 0x00000000c4400000, 0x00000000c4500000|  0%| F|  |TAMS 0x00000000c4400000, 0x00000000c4400000| Untracked 
|  69|0x00000000c4500000, 0x00000000c4500000, 0x00000000c4600000|  0%| F|  |TAMS 0x00000000c4500000, 0x00000000c4500000| Untracked 
|  70|0x00000000c4600000, 0x00000000c4600000, 0x00000000c4700000|  0%| F|  |TAMS 0x00000000c4600000, 0x00000000c4600000| Untracked 
|  71|0x00000000c4700000, 0x00000000c4700000, 0x00000000c4800000|  0%| F|  |TAMS 0x00000000c4700000, 0x00000000c4700000| Untracked 
|  72|0x00000000c4800000, 0x00000000c4800000, 0x00000000c4900000|  0%| F|  |TAMS 0x00000000c4800000, 0x00000000c4800000| Untracked 
|  73|0x00000000c4900000, 0x00000000c4900000, 0x00000000c4a00000|  0%| F|  |TAMS 0x00000000c4900000, 0x00000000c4900000| Untracked 
|  74|0x00000000c4a00000, 0x00000000c4a00000, 0x00000000c4b00000|  0%| F|  |TAMS 0x00000000c4a00000, 0x00000000c4a00000| Untracked 
|  75|0x00000000c4b00000, 0x00000000c4b00000, 0x00000000c4c00000|  0%| F|  |TAMS 0x00000000c4b00000, 0x00000000c4b00000| Untracked 
|  76|0x00000000c4c00000, 0x00000000c4c00000, 0x00000000c4d00000|  0%| F|  |TAMS 0x00000000c4c00000, 0x00000000c4c00000| Untracked 
|  77|0x00000000c4d00000, 0x00000000c4d00000, 0x00000000c4e00000|  0%| F|  |TAMS 0x00000000c4d00000, 0x00000000c4d00000| Untracked 
|  78|0x00000000c4e00000, 0x00000000c4e00000, 0x00000000c4f00000|  0%| F|  |TAMS 0x00000000c4e00000, 0x00000000c4e00000| Untracked 
|  79|0x00000000c4f00000, 0x00000000c4f00000, 0x00000000c5000000|  0%| F|  |TAMS 0x00000000c4f00000, 0x00000000c4f00000| Untracked 
|  80|0x00000000c5000000, 0x00000000c5000000, 0x00000000c5100000|  0%| F|  |TAMS 0x00000000c5000000, 0x00000000c5000000| Untracked 
|  81|0x00000000c5100000, 0x00000000c5100000, 0x00000000c5200000|  0%| F|  |TAMS 0x00000000c5100000, 0x00000000c5100000| Untracked 
|  82|0x00000000c5200000, 0x00000000c5200000, 0x00000000c5300000|  0%| F|  |TAMS 0x00000000c5200000, 0x00000000c5200000| Untracked 
|  83|0x00000000c5300000, 0x00000000c5300000, 0x00000000c5400000|  0%| F|  |TAMS 0x00000000c5300000, 0x00000000c5300000| Untracked 
|  84|0x00000000c5400000, 0x00000000c5400000, 0x00000000c5500000|  0%| F|  |TAMS 0x00000000c5400000, 0x00000000c5400000| Untracked 
|  85|0x00000000c5500000, 0x00000000c5500000, 0x00000000c5600000|  0%| F|  |TAMS 0x00000000c5500000, 0x00000000c5500000| Untracked 
|  86|0x00000000c5600000, 0x00000000c5600000, 0x00000000c5700000|  0%| F|  |TAMS 0x00000000c5600000, 0x00000000c5600000| Untracked 
|  87|0x00000000c5700000, 0x00000000c5700000, 0x00000000c5800000|  0%| F|  |TAMS 0x00000000c5700000, 0x00000000c5700000| Untracked 
|  88|0x00000000c5800000, 0x00000000c5800000, 0x00000000c5900000|  0%| F|  |TAMS 0x00000000c5800000, 0x00000000c5800000| Untracked 
|  89|0x00000000c5900000, 0x00000000c5900000, 0x00000000c5a00000|  0%| F|  |TAMS 0x00000000c5900000, 0x00000000c5900000| Untracked 
|  90|0x00000000c5a00000, 0x00000000c5a00000, 0x00000000c5b00000|  0%| F|  |TAMS 0x00000000c5a00000, 0x00000000c5a00000| Untracked 
|  91|0x00000000c5b00000, 0x00000000c5b00000, 0x00000000c5c00000|  0%| F|  |TAMS 0x00000000c5b00000, 0x00000000c5b00000| Untracked 
|  92|0x00000000c5c00000, 0x00000000c5c00000, 0x00000000c5d00000|  0%| F|  |TAMS 0x00000000c5c00000, 0x00000000c5c00000| Untracked 
| 211|0x00000000cd300000, 0x00000000cd300000, 0x00000000cd400000|  0%| F|  |TAMS 0x00000000cd300000, 0x00000000cd300000| Untracked 
| 212|0x00000000cd400000, 0x00000000cd400000, 0x00000000cd500000|  0%| F|  |TAMS 0x00000000cd400000, 0x00000000cd400000| Untracked 
| 213|0x00000000cd500000, 0x00000000cd5764b0, 0x00000000cd600000| 46%| E|  |TAMS 0x00000000cd500000, 0x00000000cd500000| Complete 
| 214|0x00000000cd600000, 0x00000000cd700000, 0x00000000cd700000|100%| E|CS|TAMS 0x00000000cd600000, 0x00000000cd600000| Complete 
| 215|0x00000000cd700000, 0x00000000cd800000, 0x00000000cd800000|100%| E|CS|TAMS 0x00000000cd700000, 0x00000000cd700000| Complete 
| 247|0x00000000cf700000, 0x00000000cf800000, 0x00000000cf800000|100%| E|CS|TAMS 0x00000000cf700000, 0x00000000cf700000| Complete 

Card table byte_map: [0x0000028cd3830000,0x0000028cd3a30000] _byte_map_base: 0x0000028cd3230000

Marking Bits (Prev, Next): (CMBitMap*) 0x0000028ccd377510, (CMBitMap*) 0x0000028ccd377550
 Prev Bits: [0x0000028cd3c30000, 0x0000028cd4c30000)
 Next Bits: [0x0000028cd4c30000, 0x0000028cd5c30000)

Polling page: 0x0000028cccae0000

Metaspace:

Usage:
  Non-class:     51.53 MB used.
      Class:      7.33 MB used.
       Both:     58.86 MB used.

Virtual space:
  Non-class space:       64.00 MB reserved,      51.75 MB ( 81%) committed,  1 nodes.
      Class space:        1.00 GB reserved,       7.56 MB ( <1%) committed,  1 nodes.
             Both:        1.06 GB reserved,      59.31 MB (  5%) committed. 

Chunk freelists:
   Non-Class:  12.21 MB
       Class:  8.43 MB
        Both:  20.65 MB

MaxMetaspaceSize: unlimited
CompressedClassSpaceSize: 1.00 GB
Initial GC threshold: 21.00 MB
Current GC threshold: 98.88 MB
CDS: off
MetaspaceReclaimPolicy: balanced
 - commit_granule_bytes: 65536.
 - commit_granule_words: 8192.
 - virtual_space_node_default_size: 8388608.
 - enlarge_chunks_in_place: 1.
 - new_chunks_are_fully_committed: 0.
 - uncommit_free_chunks: 1.
 - use_allocation_guard: 0.
 - handle_deallocations: 1.


Internal statistics:

num_allocs_failed_limit: 6.
num_arena_births: 924.
num_arena_deaths: 398.
num_vsnodes_births: 2.
num_vsnodes_deaths: 0.
num_space_committed: 949.
num_space_uncommitted: 0.
num_chunks_returned_to_freelist: 488.
num_chunks_taken_from_freelist: 3005.
num_chunk_merges: 113.
num_chunk_splits: 1874.
num_chunks_enlarged: 1388.
num_inconsistent_stats: 0.

CodeCache: size=49152Kb used=20801Kb max_used=23546Kb free=28350Kb
 bounds [0x0000028ccffc0000, 0x0000028cd16f0000, 0x0000028cd2fc0000]
 total_blobs=11420 nmethods=10741 adapters=601
 compilation: enabled
              stopped_count=0, restarted_count=0
 full_count=0

Compilation events (20 events):
Event: 5947.190 Thread 0x0000028cdd073730 10882       1       java.lang.Runtime::exec (73 bytes)
Event: 5947.191 Thread 0x0000028cdd073730 nmethod 10882 0x0000028cd0344010 code [0x0000028cd0344220, 0x0000028cd03447b8]
Event: 5947.191 Thread 0x0000028cdd073730 10883       1       java.lang.ProcessBuilder::<init> (56 bytes)
Event: 5947.192 Thread 0x0000028cdd073730 nmethod 10883 0x0000028cd0fdbb10 code [0x0000028cd0fdbcc0, 0x0000028cd0fdbef8]
Event: 6184.171 Thread 0x0000028cdd073730 10884       1       java.lang.ProcessImpl::createCommandLine (303 bytes)
Event: 6184.174 Thread 0x0000028cdd073730 nmethod 10884 0x0000028cd0fda690 code [0x0000028cd0fda960, 0x0000028cd0fdb288]
Event: 6266.667 Thread 0x0000028cdd073730 10885       1       sun.security.action.GetPropertyAction::privilegedGetProperty (28 bytes)
Event: 6266.669 Thread 0x0000028cdd073730 nmethod 10885 0x0000028cd0fd9d10 code [0x0000028cd0fd9f20, 0x0000028cd0fda398]
Event: 6421.183 Thread 0x0000028cdd073730 10886       1       java.io.FilterOutputStream::<init> (21 bytes)
Event: 6421.184 Thread 0x0000028cdd073730 nmethod 10886 0x0000028cd0343b90 code [0x0000028cd0343d20, 0x0000028cd0343ed8]
Event: 8356.208 Thread 0x0000028cdd073730 10887       1       java.io.FileOutputStream::<init> (59 bytes)
Event: 8356.209 Thread 0x0000028cdd073730 nmethod 10887 0x0000028cd0fd9410 code [0x0000028cd0fd9600, 0x0000028cd0fd9ac8]
Event: 8356.209 Thread 0x0000028cdd073730 10888       1       java.io.BufferedOutputStream::<init> (27 bytes)
Event: 8356.210 Thread 0x0000028cdd073730 nmethod 10888 0x0000028cd0fd8e10 code [0x0000028cd0fd8fc0, 0x0000028cd0fd9328]
Event: 8367.224 Thread 0x0000028cdd073730 10890       1       java.lang.ProcessHandleImpl::<init> (27 bytes)
Event: 8367.225 Thread 0x0000028cdd073730 nmethod 10890 0x0000028cd0fd8710 code [0x0000028cd0fd88a0, 0x0000028cd0fd8998]
Event: 8371.505 Thread 0x0000028cdd073730 10891       1       org.eclipse.jdt.internal.compiler.ast.SingleMemberAnnotation::computeElementValuePairs (17 bytes)
Event: 8371.505 Thread 0x0000028cdd073730 nmethod 10891 0x0000028cd0fd8190 code [0x0000028cd0fd8340, 0x0000028cd0fd85a8]
Event: 8371.509 Thread 0x0000028cdd073730 10892       1       org.eclipse.jdt.internal.compiler.ast.Statement::isBoxingCompatible (96 bytes)
Event: 8371.510 Thread 0x0000028cdd073730 nmethod 10892 0x0000028cd0fd7a90 code [0x0000028cd0fd7c60, 0x0000028cd0fd7f38]

GC Heap History (20 events):
Event: 6369.878 GC heap before
{Heap before GC invocations=353 (full 245):
 garbage-first heap   total 101376K, used 36091K [0x00000000c0000000, 0x0000000100000000)
  region size 1024K, 1 young (1024K), 0 survivors (0K)
 Metaspace       used 60268K, committed 60736K, reserved 1114112K
  class space    used 7501K, committed 7744K, reserved 1048576K
}
Event: 6369.948 GC heap after
{Heap after GC invocations=354 (full 246):
 garbage-first heap   total 101376K, used 36091K [0x00000000c0000000, 0x0000000100000000)
  region size 1024K, 0 young (0K), 0 survivors (0K)
 Metaspace       used 60268K, committed 60736K, reserved 1114112K
  class space    used 7501K, committed 7744K, reserved 1048576K
}
Event: 6380.199 GC heap before
{Heap before GC invocations=354 (full 246):
 garbage-first heap   total 101376K, used 36091K [0x00000000c0000000, 0x0000000100000000)
  region size 1024K, 1 young (1024K), 0 survivors (0K)
 Metaspace       used 60268K, committed 60736K, reserved 1114112K
  class space    used 7501K, committed 7744K, reserved 1048576K
}
Event: 6380.272 GC heap after
{Heap after GC invocations=355 (full 247):
 garbage-first heap   total 101376K, used 36091K [0x00000000c0000000, 0x0000000100000000)
  region size 1024K, 0 young (0K), 0 survivors (0K)
 Metaspace       used 60268K, committed 60736K, reserved 1114112K
  class space    used 7501K, committed 7744K, reserved 1048576K
}
Event: 6390.515 GC heap before
{Heap before GC invocations=355 (full 247):
 garbage-first heap   total 101376K, used 36091K [0x00000000c0000000, 0x0000000100000000)
  region size 1024K, 1 young (1024K), 0 survivors (0K)
 Metaspace       used 60268K, committed 60736K, reserved 1114112K
  class space    used 7501K, committed 7744K, reserved 1048576K
}
Event: 6390.589 GC heap after
{Heap after GC invocations=356 (full 248):
 garbage-first heap   total 101376K, used 36091K [0x00000000c0000000, 0x0000000100000000)
  region size 1024K, 0 young (0K), 0 survivors (0K)
 Metaspace       used 60268K, committed 60736K, reserved 1114112K
  class space    used 7501K, committed 7744K, reserved 1048576K
}
Event: 6400.808 GC heap before
{Heap before GC invocations=356 (full 248):
 garbage-first heap   total 101376K, used 36091K [0x00000000c0000000, 0x0000000100000000)
  region size 1024K, 1 young (1024K), 0 survivors (0K)
 Metaspace       used 60268K, committed 60736K, reserved 1114112K
  class space    used 7501K, committed 7744K, reserved 1048576K
}
Event: 6400.876 GC heap after
{Heap after GC invocations=357 (full 249):
 garbage-first heap   total 101376K, used 36091K [0x00000000c0000000, 0x0000000100000000)
  region size 1024K, 0 young (0K), 0 survivors (0K)
 Metaspace       used 60268K, committed 60736K, reserved 1114112K
  class space    used 7501K, committed 7744K, reserved 1048576K
}
Event: 6411.103 GC heap before
{Heap before GC invocations=357 (full 249):
 garbage-first heap   total 101376K, used 36091K [0x00000000c0000000, 0x0000000100000000)
  region size 1024K, 1 young (1024K), 0 survivors (0K)
 Metaspace       used 60268K, committed 60736K, reserved 1114112K
  class space    used 7501K, committed 7744K, reserved 1048576K
}
Event: 6411.174 GC heap after
{Heap after GC invocations=358 (full 250):
 garbage-first heap   total 101376K, used 36091K [0x00000000c0000000, 0x0000000100000000)
  region size 1024K, 0 young (0K), 0 survivors (0K)
 Metaspace       used 60268K, committed 60736K, reserved 1114112K
  class space    used 7501K, committed 7744K, reserved 1048576K
}
Event: 6421.403 GC heap before
{Heap before GC invocations=358 (full 250):
 garbage-first heap   total 101376K, used 36091K [0x00000000c0000000, 0x0000000100000000)
  region size 1024K, 1 young (1024K), 0 survivors (0K)
 Metaspace       used 60268K, committed 60736K, reserved 1114112K
  class space    used 7501K, committed 7744K, reserved 1048576K
}
Event: 6421.476 GC heap after
{Heap after GC invocations=359 (full 251):
 garbage-first heap   total 101376K, used 36091K [0x00000000c0000000, 0x0000000100000000)
  region size 1024K, 0 young (0K), 0 survivors (0K)
 Metaspace       used 60268K, committed 60736K, reserved 1114112K
  class space    used 7501K, committed 7744K, reserved 1048576K
}
Event: 6431.713 GC heap before
{Heap before GC invocations=359 (full 251):
 garbage-first heap   total 101376K, used 36091K [0x00000000c0000000, 0x0000000100000000)
  region size 1024K, 1 young (1024K), 0 survivors (0K)
 Metaspace       used 60268K, committed 60736K, reserved 1114112K
  class space    used 7501K, committed 7744K, reserved 1048576K
}
Event: 6431.793 GC heap after
{Heap after GC invocations=360 (full 252):
 garbage-first heap   total 101376K, used 36091K [0x00000000c0000000, 0x0000000100000000)
  region size 1024K, 0 young (0K), 0 survivors (0K)
 Metaspace       used 60268K, committed 60736K, reserved 1114112K
  class space    used 7501K, committed 7744K, reserved 1048576K
}
Event: 6442.008 GC heap before
{Heap before GC invocations=360 (full 252):
 garbage-first heap   total 101376K, used 36091K [0x00000000c0000000, 0x0000000100000000)
  region size 1024K, 1 young (1024K), 0 survivors (0K)
 Metaspace       used 60268K, committed 60736K, reserved 1114112K
  class space    used 7501K, committed 7744K, reserved 1048576K
}
Event: 6442.077 GC heap after
{Heap after GC invocations=361 (full 253):
 garbage-first heap   total 101376K, used 36091K [0x00000000c0000000, 0x0000000100000000)
  region size 1024K, 0 young (0K), 0 survivors (0K)
 Metaspace       used 60268K, committed 60736K, reserved 1114112K
  class space    used 7501K, committed 7744K, reserved 1048576K
}
Event: 8357.103 GC heap before
{Heap before GC invocations=361 (full 253):
 garbage-first heap   total 101376K, used 36091K [0x00000000c0000000, 0x0000000100000000)
  region size 1024K, 1 young (1024K), 0 survivors (0K)
 Metaspace       used 60268K, committed 60736K, reserved 1114112K
  class space    used 7501K, committed 7744K, reserved 1048576K
}
Event: 8357.218 GC heap after
{Heap after GC invocations=362 (full 254):
 garbage-first heap   total 101376K, used 36091K [0x00000000c0000000, 0x0000000100000000)
  region size 1024K, 0 young (0K), 0 survivors (0K)
 Metaspace       used 60268K, committed 60736K, reserved 1114112K
  class space    used 7501K, committed 7744K, reserved 1048576K
}
Event: 8367.506 GC heap before
{Heap before GC invocations=362 (full 254):
 garbage-first heap   total 101376K, used 36091K [0x00000000c0000000, 0x0000000100000000)
  region size 1024K, 1 young (1024K), 0 survivors (0K)
 Metaspace       used 60268K, committed 60736K, reserved 1114112K
  class space    used 7501K, committed 7744K, reserved 1048576K
}
Event: 8367.570 GC heap after
{Heap after GC invocations=363 (full 255):
 garbage-first heap   total 101376K, used 36091K [0x00000000c0000000, 0x0000000100000000)
  region size 1024K, 0 young (0K), 0 survivors (0K)
 Metaspace       used 60268K, committed 60736K, reserved 1114112K
  class space    used 7501K, committed 7744K, reserved 1048576K
}

Dll operation events (9 events):
Event: 0.009 Loaded shared library c:\Users\Admin\.vscode\extensions\redhat.java-1.26.0-win32-x64\jre\17.0.9-win32-x86_64\bin\java.dll
Event: 0.255 Loaded shared library C:\Users\Admin\.vscode\extensions\redhat.java-1.26.0-win32-x64\jre\17.0.9-win32-x86_64\bin\net.dll
Event: 0.257 Loaded shared library C:\Users\Admin\.vscode\extensions\redhat.java-1.26.0-win32-x64\jre\17.0.9-win32-x86_64\bin\nio.dll
Event: 0.652 Loaded shared library C:\Users\Admin\.vscode\extensions\redhat.java-1.26.0-win32-x64\jre\17.0.9-win32-x86_64\bin\zip.dll
Event: 6.398 Loaded shared library C:\Users\Admin\.vscode\extensions\redhat.java-1.26.0-win32-x64\jre\17.0.9-win32-x86_64\bin\jimage.dll
Event: 9.810 Loaded shared library c:\Users\Admin\.vscode\extensions\redhat.java-1.26.0-win32-x64\jre\17.0.9-win32-x86_64\bin\verify.dll
Event: 10.850 Loaded shared library C:\Users\Admin\.vscode\extensions\redhat.java-1.26.0-win32-x64\jre\17.0.9-win32-x86_64\bin\management.dll
Event: 10.870 Loaded shared library C:\Users\Admin\.vscode\extensions\redhat.java-1.26.0-win32-x64\jre\17.0.9-win32-x86_64\bin\management_ext.dll
Event: 11.931 Loaded shared library C:\Users\Admin\.vscode\extensions\redhat.java-1.26.0-win32-x64\jre\17.0.9-win32-x86_64\bin\sunmscapi.dll

Deoptimization events (20 events):
Event: 2507.716 Thread 0x0000028cddc73ab0 DEOPT PACKING pc=0x0000028cd1299e2b sp=0x000000d579ffe320
Event: 2507.716 Thread 0x0000028cddc73ab0 DEOPT UNPACKING pc=0x0000028cd0017143 sp=0x000000d579ffd820 mode 3
Event: 2694.789 Thread 0x0000028cddce44a0 DEOPT PACKING pc=0x0000028cd1283d1d sp=0x000000d57c0fcac0
Event: 2694.789 Thread 0x0000028cddce44a0 DEOPT UNPACKING pc=0x0000028cd0017143 sp=0x000000d57c0fbff0 mode 3
Event: 2784.772 Thread 0x0000028cddc6e4a0 DEOPT PACKING pc=0x0000028cd13007fd sp=0x000000d57cbfd520
Event: 2784.772 Thread 0x0000028cddc6e4a0 DEOPT UNPACKING pc=0x0000028cd0017143 sp=0x000000d57cbfca88 mode 3
Event: 3709.363 Thread 0x0000028cddc71740 DEOPT PACKING pc=0x0000028cd0fe1a1f sp=0x000000d579ffdd30
Event: 3709.363 Thread 0x0000028cddc71740 DEOPT UNPACKING pc=0x0000028cd0017143 sp=0x000000d579ffd768 mode 3
Event: 4075.547 Thread 0x0000028cddc71740 DEOPT PACKING pc=0x0000028cd0e4e0ec sp=0x000000d579ffe5e0
Event: 4075.547 Thread 0x0000028cddc71740 DEOPT UNPACKING pc=0x0000028cd0017143 sp=0x000000d579ffdb60 mode 0
Event: 4075.547 Thread 0x0000028cddc71740 DEOPT PACKING pc=0x0000028cd0e4dfac sp=0x000000d579ffe740
Event: 4075.547 Thread 0x0000028cddc71740 DEOPT UNPACKING pc=0x0000028cd0017143 sp=0x000000d579ffdcb0 mode 0
Event: 4132.256 Thread 0x0000028cddc71740 DEOPT PACKING pc=0x0000028cd1388b36 sp=0x000000d579ffda90
Event: 4132.256 Thread 0x0000028cddc71740 DEOPT UNPACKING pc=0x0000028cd0017143 sp=0x000000d579ffcfb0 mode 3
Event: 4142.013 Thread 0x0000028cddc71740 DEOPT PACKING pc=0x0000028cd0db65bc sp=0x000000d579ffe340
Event: 4142.013 Thread 0x0000028cddc71740 DEOPT UNPACKING pc=0x0000028cd0017143 sp=0x000000d579ffd828 mode 0
Event: 4142.517 Thread 0x0000028cddc71740 DEOPT PACKING pc=0x0000028cd0ca0104 sp=0x000000d579ffe570
Event: 4142.517 Thread 0x0000028cddc71740 DEOPT UNPACKING pc=0x0000028cd0017143 sp=0x000000d579ffd9e8 mode 0
Event: 4495.623 Thread 0x0000028cddc71740 DEOPT PACKING pc=0x0000028cd09fb026 sp=0x000000d579ffe450
Event: 4495.623 Thread 0x0000028cddc71740 DEOPT UNPACKING pc=0x0000028cd0017143 sp=0x000000d579ffd9d8 mode 0

Classes unloaded (20 events):
Event: 2858.085 Thread 0x0000028cdd0280b0 Unloading class 0x0000000100509400 'java/lang/invoke/LambdaForm$MH+0x0000000100509400'
Event: 2858.085 Thread 0x0000028cdd0280b0 Unloading class 0x00000001003a8800 'java/lang/invoke/LambdaForm$MH+0x00000001003a8800'
Event: 2858.085 Thread 0x0000028cdd0280b0 Unloading class 0x00000001003a8400 'java/lang/invoke/LambdaForm$MH+0x00000001003a8400'
Event: 2858.085 Thread 0x0000028cdd0280b0 Unloading class 0x000000010076a000 'java/lang/invoke/LambdaForm$MH+0x000000010076a000'
Event: 3885.359 Thread 0x0000028cdd0280b0 Unloading class 0x0000000100509400 'jdk/internal/reflect/GeneratedConstructorAccessor78'
Event: 4597.497 Thread 0x0000028cdd0280b0 Unloading class 0x000000010076a000 'jdk/internal/reflect/GeneratedConstructorAccessor81'
Event: 4597.497 Thread 0x0000028cdd0280b0 Unloading class 0x0000000100550800 'jdk/internal/reflect/GeneratedMethodAccessor53'
Event: 4597.497 Thread 0x0000028cdd0280b0 Unloading class 0x0000000100629000 'jdk/internal/reflect/GeneratedConstructorAccessor76'
Event: 4597.497 Thread 0x0000028cdd0280b0 Unloading class 0x000000010072c400 'jdk/internal/reflect/GeneratedMethodAccessor52'
Event: 4597.497 Thread 0x0000028cdd0280b0 Unloading class 0x0000000100722800 'jdk/internal/reflect/GeneratedConstructorAccessor75'
Event: 4597.497 Thread 0x0000028cdd0280b0 Unloading class 0x0000000100722400 'jdk/internal/reflect/GeneratedMethodAccessor51'
Event: 4597.497 Thread 0x0000028cdd0280b0 Unloading class 0x00000001006b4000 'jdk/internal/reflect/GeneratedMethodAccessor50'
Event: 4597.497 Thread 0x0000028cdd0280b0 Unloading class 0x00000001003b0000 'jdk/internal/reflect/GeneratedMethodAccessor49'
Event: 4870.729 Thread 0x0000028cdd0280b0 Unloading class 0x00000001006b4000 'jdk/internal/reflect/GeneratedMethodAccessor59'
Event: 4870.729 Thread 0x0000028cdd0280b0 Unloading class 0x0000000100722400 'jdk/internal/reflect/GeneratedConstructorAccessor83'
Event: 4870.729 Thread 0x0000028cdd0280b0 Unloading class 0x0000000100722800 'jdk/internal/reflect/GeneratedMethodAccessor58'
Event: 4870.729 Thread 0x0000028cdd0280b0 Unloading class 0x000000010072c400 'jdk/internal/reflect/GeneratedConstructorAccessor82'
Event: 4870.729 Thread 0x0000028cdd0280b0 Unloading class 0x0000000100629000 'jdk/internal/reflect/GeneratedMethodAccessor57'
Event: 4870.729 Thread 0x0000028cdd0280b0 Unloading class 0x0000000100550800 'jdk/internal/reflect/GeneratedMethodAccessor56'
Event: 4870.729 Thread 0x0000028cdd0280b0 Unloading class 0x000000010076a000 'jdk/internal/reflect/GeneratedMethodAccessor55'

Classes redefined (0 events):
No events

Internal exceptions (20 events):
Event: 3114.445 Thread 0x0000028cddc6e4a0 Exception <a 'sun/nio/fs/WindowsException'{0x00000000c45994d8}> (0x00000000c45994d8) 
thrown [s\src\hotspot\share\prims\jni.cpp, line 516]
Event: 3114.445 Thread 0x0000028cddc6e4a0 Exception <a 'sun/nio/fs/WindowsException'{0x00000000c459a4b8}> (0x00000000c459a4b8) 
thrown [s\src\hotspot\share\prims\jni.cpp, line 516]
Event: 3114.445 Thread 0x0000028cddc6e4a0 Exception <a 'sun/nio/fs/WindowsException'{0x00000000c459a928}> (0x00000000c459a928) 
thrown [s\src\hotspot\share\prims\jni.cpp, line 516]
Event: 3114.615 Thread 0x0000028cddc6e4a0 Exception <a 'sun/nio/fs/WindowsException'{0x00000000c59ffda8}> (0x00000000c59ffda8) 
thrown [s\src\hotspot\share\prims\jni.cpp, line 516]
Event: 3114.616 Thread 0x0000028cddc6e4a0 Exception <a 'sun/nio/fs/WindowsException'{0x00000000c5830228}> (0x00000000c5830228) 
thrown [s\src\hotspot\share\prims\jni.cpp, line 516]
Event: 3114.616 Thread 0x0000028cddc6e4a0 Exception <a 'sun/nio/fs/WindowsException'{0x00000000c5830638}> (0x00000000c5830638) 
thrown [s\src\hotspot\share\prims\jni.cpp, line 516]
Event: 3114.617 Thread 0x0000028cddc6e4a0 Exception <a 'sun/nio/fs/WindowsException'{0x00000000c58315f8}> (0x00000000c58315f8) 
thrown [s\src\hotspot\share\prims\jni.cpp, line 516]
Event: 3114.617 Thread 0x0000028cddc6e4a0 Exception <a 'sun/nio/fs/WindowsException'{0x00000000c5831a48}> (0x00000000c5831a48) 
thrown [s\src\hotspot\share\prims\jni.cpp, line 516]
Event: 3114.617 Thread 0x0000028cddc6e4a0 Exception <a 'sun/nio/fs/WindowsException'{0x00000000c58327f0}> (0x00000000c58327f0) 
thrown [s\src\hotspot\share\prims\jni.cpp, line 516]
Event: 3114.617 Thread 0x0000028cddc6e4a0 Exception <a 'sun/nio/fs/WindowsException'{0x00000000c5833030}> (0x00000000c5833030) 
thrown [s\src\hotspot\share\prims\jni.cpp, line 516]
Event: 3114.617 Thread 0x0000028cddc6e4a0 Exception <a 'sun/nio/fs/WindowsException'{0x00000000c5833460}> (0x00000000c5833460) 
thrown [s\src\hotspot\share\prims\jni.cpp, line 516]
Event: 3114.617 Thread 0x0000028cddc6e4a0 Exception <a 'sun/nio/fs/WindowsException'{0x00000000c5834440}> (0x00000000c5834440) 
thrown [s\src\hotspot\share\prims\jni.cpp, line 516]
Event: 3114.617 Thread 0x0000028cddc6e4a0 Exception <a 'sun/nio/fs/WindowsException'{0x00000000c58348b0}> (0x00000000c58348b0) 
thrown [s\src\hotspot\share\prims\jni.cpp, line 516]
Event: 3406.236 Thread 0x0000028cddce44a0 Exception <a 'sun/nio/fs/WindowsException'{0x00000000c46603d0}> (0x00000000c46603d0) 
thrown [s\src\hotspot\share\prims\jni.cpp, line 516]
Event: 3406.236 Thread 0x0000028cddce44a0 Exception <a 'sun/nio/fs/WindowsException'{0x00000000c4660f18}> (0x00000000c4660f18) 
thrown [s\src\hotspot\share\prims\jni.cpp, line 516]
Event: 3406.236 Thread 0x0000028cddce44a0 Exception <a 'sun/nio/fs/WindowsException'{0x00000000c4661a18}> (0x00000000c4661a18) 
thrown [s\src\hotspot\share\prims\jni.cpp, line 516]
Event: 3406.237 Thread 0x0000028cddce44a0 Exception <a 'sun/nio/fs/WindowsException'{0x00000000c4662560}> (0x00000000c4662560) 
thrown [s\src\hotspot\share\prims\jni.cpp, line 516]
Event: 3406.237 Thread 0x0000028cddce44a0 Exception <a 'sun/nio/fs/WindowsException'{0x00000000c4663178}> (0x00000000c4663178) 
thrown [s\src\hotspot\share\prims\jni.cpp, line 516]
Event: 3406.237 Thread 0x0000028cddce44a0 Exception <a 'sun/nio/fs/WindowsException'{0x00000000c4663df8}> (0x00000000c4663df8) 
thrown [s\src\hotspot\share\prims\jni.cpp, line 516]
Event: 4132.256 Thread 0x0000028cddc71740 Implicit null exception at 0x0000028cd1388336 to 0x0000028cd1388b31

VM Operations (20 events):
Event: 6369.878 Executing VM operation: G1CollectFull
Event: 6369.948 Executing VM operation: G1CollectFull done
Event: 6380.199 Executing VM operation: G1CollectFull
Event: 6380.272 Executing VM operation: G1CollectFull done
Event: 6390.515 Executing VM operation: G1CollectFull
Event: 6390.589 Executing VM operation: G1CollectFull done
Event: 6400.807 Executing VM operation: G1CollectFull
Event: 6400.876 Executing VM operation: G1CollectFull done
Event: 6411.103 Executing VM operation: G1CollectFull
Event: 6411.174 Executing VM operation: G1CollectFull done
Event: 6421.403 Executing VM operation: G1CollectFull
Event: 6421.477 Executing VM operation: G1CollectFull done
Event: 6431.713 Executing VM operation: G1CollectFull
Event: 6431.793 Executing VM operation: G1CollectFull done
Event: 6442.008 Executing VM operation: G1CollectFull
Event: 6442.077 Executing VM operation: G1CollectFull done
Event: 8357.103 Executing VM operation: G1CollectFull
Event: 8357.218 Executing VM operation: G1CollectFull done
Event: 8367.506 Executing VM operation: G1CollectFull
Event: 8367.571 Executing VM operation: G1CollectFull done

Events (20 events):
Event: 5005.573 Thread 0x0000028cddc744d0 Thread exited: 0x0000028cddc744d0
Event: 5005.963 Thread 0x0000028cddc6f3d0 Thread exited: 0x0000028cddc6f3d0
Event: 5006.073 Thread 0x0000028cddc73ab0 Thread exited: 0x0000028cddc73ab0
Event: 5006.073 Thread 0x0000028cddc71230 Thread exited: 0x0000028cddc71230
Event: 5128.275 Thread 0x0000028cddc6d570 Thread added: 0x0000028cddc6d570
Event: 5128.278 Thread 0x0000028cddc6f3d0 Thread added: 0x0000028cddc6f3d0
Event: 5142.512 Thread 0x0000028cddc73ab0 Thread added: 0x0000028cddc73ab0
Event: 5178.358 Thread 0x0000028cddc744d0 Thread added: 0x0000028cddc744d0
Event: 5238.376 Thread 0x0000028cddc744d0 Thread exited: 0x0000028cddc744d0
Event: 5253.325 Thread 0x0000028cddc6f3d0 Thread exited: 0x0000028cddc6f3d0
Event: 5253.467 Thread 0x0000028cddc73ab0 Thread exited: 0x0000028cddc73ab0
Event: 5253.748 Thread 0x0000028cddc6d570 Thread exited: 0x0000028cddc6d570
Event: 5458.112 Thread 0x0000028cddc73ab0 Thread added: 0x0000028cddc73ab0
Event: 5458.113 Thread 0x0000028cddc744d0 Thread added: 0x0000028cddc744d0
Event: 5458.114 Thread 0x0000028cddc6f3d0 Thread added: 0x0000028cddc6f3d0
Event: 5518.145 Thread 0x0000028cddc6f3d0 Thread exited: 0x0000028cddc6f3d0
Event: 5573.731 Thread 0x0000028cddc73ab0 Thread exited: 0x0000028cddc73ab0
Event: 5573.858 Thread 0x0000028cddc744d0 Thread exited: 0x0000028cddc744d0
Event: 8371.485 Thread 0x0000028cddc6d570 Thread added: 0x0000028cddc6d570
Event: 8371.487 Thread 0x0000028cddc6f3d0 Thread added: 0x0000028cddc6f3d0


Dynamic libraries:
0x00007ff68f8e0000 - 0x00007ff68f8ee000 	c:\Users\Admin\.vscode\extensions\redhat.java-1.26.0-win32-x64\jre\17.0.9-win32-x86_64\bin\java.exe
0x00007ff96ff50000 - 0x00007ff970167000 	C:\WINDOWS\SYSTEM32\ntdll.dll
0x00007ff96e9e0000 - 0x00007ff96eaa4000 	C:\WINDOWS\System32\KERNEL32.DLL
0x00007ff96d7d0000 - 0x00007ff96db76000 	C:\WINDOWS\System32\KERNELBASE.dll
0x00007ff96d3f0000 - 0x00007ff96d501000 	C:\WINDOWS\System32\ucrtbase.dll
0x00007ff955fc0000 - 0x00007ff955fd7000 	c:\Users\Admin\.vscode\extensions\redhat.java-1.26.0-win32-x64\jre\17.0.9-win32-x86_64\bin\jli.dll
0x00007ff94d9c0000 - 0x00007ff94d9db000 	c:\Users\Admin\.vscode\extensions\redhat.java-1.26.0-win32-x64\jre\17.0.9-win32-x86_64\bin\VCRUNTIME140.dll
0x00007ff96df10000 - 0x00007ff96e0be000 	C:\WINDOWS\System32\USER32.dll
0x00007ff96d510000 - 0x00007ff96d536000 	C:\WINDOWS\System32\win32u.dll
0x00007ff9647a0000 - 0x00007ff964a33000 	C:\WINDOWS\WinSxS\amd64_microsoft.windows.common-controls_6595b64144ccf1df_6.0.22621.2506_none_270c5ae97388e100\COMCTL32.dll
0x00007ff96e970000 - 0x00007ff96e999000 	C:\WINDOWS\System32\GDI32.dll
0x00007ff96dcc0000 - 0x00007ff96dd67000 	C:\WINDOWS\System32\msvcrt.dll
0x00007ff96db80000 - 0x00007ff96dc98000 	C:\WINDOWS\System32\gdi32full.dll
0x00007ff96d350000 - 0x00007ff96d3ea000 	C:\WINDOWS\System32\msvcp_win.dll
0x00007ff96e9a0000 - 0x00007ff96e9d1000 	C:\WINDOWS\System32\IMM32.DLL
0x00007ff964d60000 - 0x00007ff964d6c000 	c:\Users\Admin\.vscode\extensions\redhat.java-1.26.0-win32-x64\jre\17.0.9-win32-x86_64\bin\vcruntime140_1.dll
0x00007ff92cb20000 - 0x00007ff92cbad000 	c:\Users\Admin\.vscode\extensions\redhat.java-1.26.0-win32-x64\jre\17.0.9-win32-x86_64\bin\msvcp140.dll
0x00007ff8ebac0000 - 0x00007ff8ec721000 	c:\Users\Admin\.vscode\extensions\redhat.java-1.26.0-win32-x64\jre\17.0.9-win32-x86_64\bin\server\jvm.dll
0x00007ff96dd70000 - 0x00007ff96de23000 	C:\WINDOWS\System32\ADVAPI32.dll
0x00007ff96e250000 - 0x00007ff96e2f8000 	C:\WINDOWS\System32\sechost.dll
0x00007ff96d730000 - 0x00007ff96d758000 	C:\WINDOWS\System32\bcrypt.dll
0x00007ff96e690000 - 0x00007ff96e7a7000 	C:\WINDOWS\System32\RPCRT4.dll
0x00007ff96c0e0000 - 0x00007ff96c12d000 	C:\WINDOWS\SYSTEM32\POWRPROF.dll
0x00007ff9503b0000 - 0x00007ff9503b9000 	C:\WINDOWS\SYSTEM32\WSOCK32.dll
0x00007ff96f630000 - 0x00007ff96f6a1000 	C:\WINDOWS\System32\WS2_32.dll
0x00007ff964e50000 - 0x00007ff964e5a000 	C:\WINDOWS\SYSTEM32\VERSION.dll
0x00007ff965b20000 - 0x00007ff965b54000 	C:\WINDOWS\SYSTEM32\WINMM.dll
0x00007ff96c0c0000 - 0x00007ff96c0d3000 	C:\WINDOWS\SYSTEM32\UMPDC.dll
0x00007ff96c380000 - 0x00007ff96c398000 	C:\WINDOWS\SYSTEM32\kernel.appcore.dll
0x00007ff9620b0000 - 0x00007ff9620ba000 	c:\Users\Admin\.vscode\extensions\redhat.java-1.26.0-win32-x64\jre\17.0.9-win32-x86_64\bin\jimage.dll
0x00007ff9624d0000 - 0x00007ff962703000 	C:\WINDOWS\SYSTEM32\DBGHELP.DLL
0x00007ff96ebb0000 - 0x00007ff96ef39000 	C:\WINDOWS\System32\combase.dll
0x00007ff96e3d0000 - 0x00007ff96e4a7000 	C:\WINDOWS\System32\OLEAUT32.dll
0x00007ff961e40000 - 0x00007ff961e72000 	C:\WINDOWS\SYSTEM32\dbgcore.DLL
0x00007ff96d540000 - 0x00007ff96d5ba000 	C:\WINDOWS\System32\bcryptPrimitives.dll
0x00007ff948d40000 - 0x00007ff948d65000 	c:\Users\Admin\.vscode\extensions\redhat.java-1.26.0-win32-x64\jre\17.0.9-win32-x86_64\bin\java.dll
0x00007ff949090000 - 0x00007ff9490a8000 	c:\Users\Admin\.vscode\extensions\redhat.java-1.26.0-win32-x64\jre\17.0.9-win32-x86_64\bin\zip.dll
0x00007ff96f6b0000 - 0x00007ff96ff0a000 	C:\WINDOWS\System32\SHELL32.dll
0x00007ff96b1a0000 - 0x00007ff96ba96000 	C:\WINDOWS\SYSTEM32\windows.storage.dll
0x00007ff96b060000 - 0x00007ff96b19e000 	C:\WINDOWS\SYSTEM32\wintypes.dll
0x00007ff96ef50000 - 0x00007ff96f043000 	C:\WINDOWS\System32\SHCORE.dll
0x00007ff96e300000 - 0x00007ff96e35e000 	C:\WINDOWS\System32\shlwapi.dll
0x00007ff96d1c0000 - 0x00007ff96d1e6000 	C:\WINDOWS\SYSTEM32\profapi.dll
0x00007ff9493a0000 - 0x00007ff9493b9000 	C:\Users\Admin\.vscode\extensions\redhat.java-1.26.0-win32-x64\jre\17.0.9-win32-x86_64\bin\net.dll
0x00007ff967150000 - 0x00007ff967287000 	C:\WINDOWS\SYSTEM32\WINHTTP.dll
0x00007ff96c810000 - 0x00007ff96c879000 	C:\WINDOWS\system32\mswsock.dll
0x00007ff946b40000 - 0x00007ff946b56000 	C:\Users\Admin\.vscode\extensions\redhat.java-1.26.0-win32-x64\jre\17.0.9-win32-x86_64\bin\nio.dll
0x00007ff96ca80000 - 0x00007ff96ca9b000 	C:\WINDOWS\SYSTEM32\CRYPTSP.dll
0x00007ff96c2e0000 - 0x00007ff96c315000 	C:\WINDOWS\system32\rsaenh.dll
0x00007ff96c900000 - 0x00007ff96c92c000 	C:\WINDOWS\SYSTEM32\USERENV.dll
0x00007ff96caa0000 - 0x00007ff96caac000 	C:\WINDOWS\SYSTEM32\CRYPTBASE.dll
0x00007ff96bd70000 - 0x00007ff96bd9d000 	C:\WINDOWS\SYSTEM32\IPHLPAPI.DLL
0x00007ff96f050000 - 0x00007ff96f059000 	C:\WINDOWS\System32\NSI.dll
0x00007ff966490000 - 0x00007ff9664a9000 	C:\WINDOWS\SYSTEM32\dhcpcsvc6.DLL
0x00007ff966470000 - 0x00007ff96648f000 	C:\WINDOWS\SYSTEM32\dhcpcsvc.DLL
0x00007ff96bda0000 - 0x00007ff96be99000 	C:\WINDOWS\SYSTEM32\DNSAPI.dll
0x00007ff95cdb0000 - 0x00007ff95cdc0000 	c:\Users\Admin\.vscode\extensions\redhat.java-1.26.0-win32-x64\jre\17.0.9-win32-x86_64\bin\verify.dll
0x00007ff9676b0000 - 0x00007ff9676b9000 	C:\Users\Admin\.vscode\extensions\redhat.java-1.26.0-win32-x64\jre\17.0.9-win32-x86_64\bin\management.dll
0x00007ff966a90000 - 0x00007ff966a9b000 	C:\Users\Admin\.vscode\extensions\redhat.java-1.26.0-win32-x64\jre\17.0.9-win32-x86_64\bin\management_ext.dll
0x00007ff96e4b0000 - 0x00007ff96e4b8000 	C:\WINDOWS\System32\PSAPI.DLL
0x00007ff958980000 - 0x00007ff95898e000 	C:\Users\Admin\.vscode\extensions\redhat.java-1.26.0-win32-x64\jre\17.0.9-win32-x86_64\bin\sunmscapi.dll
0x00007ff96d5c0000 - 0x00007ff96d726000 	C:\WINDOWS\System32\CRYPT32.dll
0x00007ff96cc20000 - 0x00007ff96cc4e000 	C:\WINDOWS\SYSTEM32\ncrypt.dll
0x00007ff96cbe0000 - 0x00007ff96cc17000 	C:\WINDOWS\SYSTEM32\NTASN1.dll
0x0000000059eb0000 - 0x0000000059ed6000 	C:\Program Files\Bonjour\mdnsNSP.dll
0x00007ff965390000 - 0x00007ff96539a000 	C:\Windows\System32\rasadhlp.dll
0x00007ff9653a0000 - 0x00007ff965423000 	C:\WINDOWS\System32\fwpuclnt.dll

dbghelp: loaded successfully - version: 4.0.5 - missing functions: none
symbol engine: initialized successfully - sym options: 0x614 - pdb path: .;c:\Users\Admin\.vscode\extensions\redhat.java-1.26.0-win32-x64\jre\17.0.9-win32-x86_64\bin;C:\WINDOWS\SYSTEM32;C:\WINDOWS\WinSxS\amd64_microsoft.windows.common-controls_6595b64144ccf1df_6.0.22621.2506_none_270c5ae97388e100;c:\Users\Admin\.vscode\extensions\redhat.java-1.26.0-win32-x64\jre\17.0.9-win32-x86_64\bin\server;C:\Program Files\Bonjour

VM Arguments:
jvm_args: -XX:+HeapDumpOnOutOfMemoryError -Xmx1024m -Dsts.lsp.client=vscode -Dsts.log.file=/dev/null -XX:TieredStopAtLevel=1 -Xlog:jni+resolve=off -Dspring.config.location=file:c:\Users\Admin\.vscode\extensions\vmware.vscode-spring-boot-1.51.0\language-server\BOOT-INF\classes\application.properties 
java_command: org.springframework.ide.vscode.boot.app.BootLanguageServerBootApp
java_class_path (initial): c:\Users\Admin\.vscode\extensions\vmware.vscode-spring-boot-1.51.0\language-server\BOOT-INF\classes;c:\Users\Admin\.vscode\extensions\vmware.vscode-spring-boot-1.51.0\language-server\BOOT-INF\lib\annotations-24.1.0.jar;c:\Users\Admin\.vscode\extensions\vmware.vscode-spring-boot-1.51.0\language-server\BOOT-INF\lib\antlr-runtime-3.5.3.jar;c:\Users\Admin\.vscode\extensions\vmware.vscode-spring-boot-1.51.0\language-server\BOOT-INF\lib\antlr4-4.11.1.jar;c:\Users\Admin\.vscode\extensions\vmware.vscode-spring-boot-1.51.0\language-server\BOOT-INF\lib\antlr4-runtime-4.11.1.jar;c:\Users\Admin\.vscode\extensions\vmware.vscode-spring-boot-1.51.0\language-server\BOOT-INF\lib\asm-9.6.jar;c:\Users\Admin\.vscode\extensions\vmware.vscode-spring-boot-1.51.0\language-server\BOOT-INF\lib\asm-analysis-9.6.jar;c:\Users\Admin\.vscode\extensions\vmware.vscode-spring-boot-1.51.0\language-server\BOOT-INF\lib\asm-tree-9.6.jar;c:\Users\Admin\.vscode\extensions\vmware.vscode-spring-boot-1.51.0\language-server\BOOT-INF\lib\asm-util-9.6.jar;c:\Users\Admin\.vscode\extensions\vmware.vscode-spring-boot-1.51.0\language-server\BOOT-INF\lib\bosh-language-server-1.51.0-SNAPSHOT.jar;c:\Users\Admin\.vscode\extensions\vmware.vscode-spring-boot-1.51.0\language-server\BOOT-INF\lib\caffeine-3.1.8.jar;c:\Users\Admin\.vscode\extensions\vmware.vscode-spring-boot-1.51.0\language-server\BOOT-INF\lib\checker-qual-3.12.0.jar;c:\Users\Admin\.vscode\extensions\vmware.vscode-spring-boot-1.51.0\language-server\BOOT-INF\lib\classgraph-4.8.149.jar;c:\Users\Admin\.vscode\extensions\vmware.vscode-spring-boot-1.51.0\language-server\BOOT-INF\lib\commons-codec-1.15.jar;c:\Users\Admin\.vscode\extensions\vmware.vscode-spring-boot-1.51.0\language-server\BOOT-INF\lib\commons-compress-1.25.0.jar;c:\Users\Admin\.vscode\extensions\vmware.vscode-spring-boot-1.51.0\language-server\BOOT-INF\lib\commons-io-2.4.jar;c:\Users\Admin\.vscode\extensions\vmware.vscode-spring-boot-1.51.0\language-server\BOOT-INF\lib\
Launcher Type: SUN_STANDARD

[Global flags]
     intx CICompilerCount                          = 12                                        {product} {ergonomic}
     uint ConcGCThreads                            = 3                                         {product} {ergonomic}
     uint G1ConcRefinementThreads                  = 13                                        {product} {ergonomic}
   size_t G1HeapRegionSize                         = 1048576                                   {product} {ergonomic}
    uintx GCDrainStackTargetSize                   = 64                                        {product} {ergonomic}
     bool HeapDumpOnOutOfMemoryError               = true                                   {manageable} {command line}
   size_t InitialHeapSize                          = 260046848                                 {product} {ergonomic}
   size_t MarkStackSize                            = 4194304                                   {product} {ergonomic}
   size_t MaxHeapSize                              = 1073741824                                {product} {command line}
   size_t MaxNewSize                               = 643825664                                 {product} {ergonomic}
   size_t MinHeapDeltaBytes                        = 1048576                                   {product} {ergonomic}
   size_t MinHeapSize                              = 8388608                                   {product} {ergonomic}
    uintx NonProfiledCodeHeapSize                  = 0                                      {pd product} {ergonomic}
     bool ProfileInterpreter                       = false                                  {pd product} {command line}
    uintx ProfiledCodeHeapSize                     = 0                                      {pd product} {ergonomic}
   size_t SoftMaxHeapSize                          = 1073741824                             {manageable} {ergonomic}
     intx TieredStopAtLevel                        = 1                                         {product} {command line}
     bool UseCompressedClassPointers               = true                           {product lp64_product} {ergonomic}
     bool UseCompressedOops                        = true                           {product lp64_product} {ergonomic}
     bool UseG1GC                                  = true                                      {product} {ergonomic}
     bool UseLargePagesIndividualAllocation        = false                                  {pd product} {ergonomic}

Logging:
Log output configuration:
 #0: stdout all=warning,jni+resolve=off uptime,level,tags
 #1: stderr all=off uptime,level,tags

Environment Variables:
PATH=C:\Program Files\Common Files\Oracle\Java\javapath;C:\Windows\system32;C:\Windows;C:\Windows\System32\Wbem;C:\Windows\System32\WindowsPowerShell\v1.0\;C:\Windows\System32\OpenSSH\;C:\Program Files (x86)\NVIDIA Corporation\PhysX\Common;C:\Program Files\NVIDIA Corporation\NVIDIA NvDLISR;C:\WINDOWS\system32;C:\WINDOWS;C:\WINDOWS\System32\Wbem;C:\WINDOWS\System32\WindowsPowerShell\v1.0\;C:\WINDOWS\System32\OpenSSH\;C:\Program Files\Git\cmd;C:\Program Files\nodejs\;C:\Users\Admin\AppData\Local\Programs\mongosh;C:\Users\Admin\maven\apache-maven-3.9.5-bin\apache-maven-3.9.5\bin;;C:\Program Files\Docker\Docker\resources\bin;C:\Users\Admin\AppData\Local\Programs\Python\Python311\Scripts\;C:\Users\Admin\AppData\Local\Programs\Python\Python311\;C:\Users\Admin\AppData\Local\Microsoft\WindowsApps;;C:\Users\Admin\AppData\Local\Programs\Microsoft VS Code\bin;C:\Users\Admin\AppData\Roaming\npm;C:\Users\Admin\AppData\Local\Programs\mongosh\
USERNAME=Admin
OS=Windows_NT
PROCESSOR_IDENTIFIER=AMD64 Family 23 Model 96 Stepping 1, AuthenticAMD
TMP=C:\Users\Admin\AppData\Local\Temp
TEMP=C:\Users\Admin\AppData\Local\Temp



Periodic native trim disabled


---------------  S Y S T E M  ---------------

OS:
 Windows 11 , 64 bit Build 22621 (10.0.22621.2506)
OS uptime: 0 days 7:12 hours
Hyper-V role detected

CPU: total 16 (initial active 16) (16 cores per cpu, 2 threads per core) family 23 model 96 stepping 1 microcode 0x0, cx8, cmov, fxsr, ht, mmx, 3dnowpref, sse, sse2, sse3, ssse3, sse4a, sse4.1, sse4.2, popcnt, lzcnt, tsc, tscinvbit, avx, avx2, aes, clmul, bmi1, bmi2, adx, sha, fma, vzeroupper, clflush, clflushopt, hv
Processor Information for all 16 processors :
  Max Mhz: 2901, Current Mhz: 2901, Mhz Limit: 2901

Memory: 4k page, system-wide physical 15790M (7081M free)
TotalPageFile size 23214M (AvailPageFile size 7819M)
current process WorkingSet (physical memory assigned to process): 226M, peak: 245M
current process commit charge ("private bytes"): 295M, peak: 372M

vm_info: OpenJDK 64-Bit Server VM (17.0.9+9) for windows-amd64 JRE (17.0.9+9), built on Oct 26 2023 14:01:42 by "admin" with MS VC++ 16.10 / 16.11 (VS2019)

END.
